<?xml version="1.0" encoding="UTF-8"?>
<!-- Generated by org.testng.reporters.JUnitReportReporter -->
<testsuite hostname="DESKTOP-AS2VG5U" failures="0" tests="1000" name="TestNGFlags.Flag3" time="1.494" errors="0" timestamp="2023-06-08T15:44:34 IST" skipped="0">
  <testcase classname="TestNGFlags.Flag3" name="method1" time="0.001"/>
  <system-out>
    <![CDATA[login test case!!]]>
  </system-out>
  <testcase classname="TestNGFlags.Flag3" name="method1" time="0.000"/>
  <system-out>
    <![CDATA[login test case!!]]>
  </system-out>
  <testcase classname="TestNGFlags.Flag3" name="method1" time="0.001"/>
  <system-out>
    <![CDATA[login test case!!]]>
  </system-out>
  <testcase classname="TestNGFlags.Flag3" name="method1" time="0.001"/>
  <system-out>
    <![CDATA[login test case!!]]>
  </system-out>
  <testcase classname="TestNGFlags.Flag3" name="method1" time="0.000"/>
  <system-out>
    <![CDATA[login test case!!]]>
  </system-out>
  <testcase classname="TestNGFlags.Flag3" name="method1" time="0.001"/>
  <system-out>
    <![CDATA[login test case!!]]>
  </system-out>
  <testcase classname="TestNGFlags.Flag3" name="method1" time="0.001"/>
  <system-out>
    <![CDATA[login test case!!]]>
  </system-out>
  <testcase classname="TestNGFlags.Flag3" name="method1" time="0.000"/>
  <system-out>
    <![CDATA[login test case!!]]>
  </system-out>
  <testcase classname="TestNGFlags.Flag3" name="method1" time="0.001"/>
  <system-out>
    <![CDATA[login test case!!]]>
  </system-out>
  <testcase classname="TestNGFlags.Flag3" name="method1" time="0.001"/>
  <system-out>
    <![CDATA[login test case!!]]>
  </system-out>
  <testcase classname="TestNGFlags.Flag3" name="method1" time="0.002"/>
  <system-out>
    <![CDATA[login test case!!]]>
  </system-out>
  <testcase classname="TestNGFlags.Flag3" name="method1" time="0.001"/>
  <system-out>
    <![CDATA[login test case!!]]>
  </system-out>
  <testcase classname="TestNGFlags.Flag3" name="method1" time="0.001"/>
  <system-out>
    <![CDATA[login test case!!]]>
  </system-out>
  <testcase classname="TestNGFlags.Flag3" name="method1" time="0.006"/>
  <system-out>
    <![CDATA[login test case!!]]>
  </system-out>
  <testcase classname="TestNGFlags.Flag3" name="method1" time="0.001"/>
  <system-out>
    <![CDATA[login test case!!]]>
  </system-out>
  <testcase classname="TestNGFlags.Flag3" name="method1" time="0.001"/>
  <system-out>
    <![CDATA[login test case!!]]>
  </system-out>
  <testcase classname="TestNGFlags.Flag3" name="method1" time="0.000"/>
  <system-out>
    <![CDATA[login test case!!]]>
  </system-out>
  <testcase classname="TestNGFlags.Flag3" name="method1" time="0.002"/>
  <system-out>
    <![CDATA[login test case!!]]>
  </system-out>
  <testcase classname="TestNGFlags.Flag3" name="method1" time="0.001"/>
  <system-out>
    <![CDATA[login test case!!]]>
  </system-out>
  <testcase classname="TestNGFlags.Flag3" name="method1" time="0.000"/>
  <system-out>
    <![CDATA[login test case!!]]>
  </system-out>
  <testcase classname="TestNGFlags.Flag3" name="method1" time="0.006"/>
  <system-out>
    <![CDATA[login test case!!]]>
  </system-out>
  <testcase classname="TestNGFlags.Flag3" name="method1" time="0.002"/>
  <system-out>
    <![CDATA[login test case!!]]>
  </system-out>
  <testcase classname="TestNGFlags.Flag3" name="method1" time="0.000"/>
  <system-out>
    <![CDATA[login test case!!]]>
  </system-out>
  <testcase classname="TestNGFlags.Flag3" name="method1" time="0.001"/>
  <system-out>
    <![CDATA[login test case!!]]>
  </system-out>
  <testcase classname="TestNGFlags.Flag3" name="method1" time="0.004"/>
  <system-out>
    <![CDATA[login test case!!]]>
  </system-out>
  <testcase classname="TestNGFlags.Flag3" name="method1" time="0.000"/>
  <system-out>
    <![CDATA[login test case!!]]>
  </system-out>
  <testcase classname="TestNGFlags.Flag3" name="method1" time="0.000"/>
  <system-out>
    <![CDATA[login test case!!]]>
  </system-out>
  <testcase classname="TestNGFlags.Flag3" name="method1" time="0.001"/>
  <system-out>
    <![CDATA[login test case!!]]>
  </system-out>
  <testcase classname="TestNGFlags.Flag3" name="method1" time="0.000"/>
  <system-out>
    <![CDATA[login test case!!]]>
  </system-out>
  <testcase classname="TestNGFlags.Flag3" name="method1" time="0.000"/>
  <system-out>
    <![CDATA[login test case!!]]>
  </system-out>
  <testcase classname="TestNGFlags.Flag3" name="method1" time="0.002"/>
  <system-out>
    <![CDATA[login test case!!]]>
  </system-out>
  <testcase classname="TestNGFlags.Flag3" name="method1" time="0.001"/>
  <system-out>
    <![CDATA[login test case!!]]>
  </system-out>
  <testcase classname="TestNGFlags.Flag3" name="method1" time="0.001"/>
  <system-out>
    <![CDATA[login test case!!]]>
  </system-out>
  <testcase classname="TestNGFlags.Flag3" name="method1" time="0.002"/>
  <system-out>
    <![CDATA[login test case!!]]>
  </system-out>
  <testcase classname="TestNGFlags.Flag3" name="method1" time="0.001"/>
  <system-out>
    <![CDATA[login test case!!]]>
  </system-out>
  <testcase classname="TestNGFlags.Flag3" name="method1" time="0.000"/>
  <system-out>
    <![CDATA[login test case!!]]>
  </system-out>
  <testcase classname="TestNGFlags.Flag3" name="method1" time="0.000"/>
  <system-out>
    <![CDATA[login test case!!]]>
  </system-out>
  <testcase classname="TestNGFlags.Flag3" name="method1" time="0.002"/>
  <system-out>
    <![CDATA[login test case!!]]>
  </system-out>
  <testcase classname="TestNGFlags.Flag3" name="method1" time="0.001"/>
  <system-out>
    <![CDATA[login test case!!]]>
  </system-out>
  <testcase classname="TestNGFlags.Flag3" name="method1" time="0.001"/>
  <system-out>
    <![CDATA[login test case!!]]>
  </system-out>
  <testcase classname="TestNGFlags.Flag3" name="method1" time="0.001"/>
  <system-out>
    <![CDATA[login test case!!]]>
  </system-out>
  <testcase classname="TestNGFlags.Flag3" name="method1" time="0.000"/>
  <system-out>
    <![CDATA[login test case!!]]>
  </system-out>
  <testcase classname="TestNGFlags.Flag3" name="method1" time="0.005"/>
  <system-out>
    <![CDATA[login test case!!]]>
  </system-out>
  <testcase classname="TestNGFlags.Flag3" name="method1" time="0.000"/>
  <system-out>
    <![CDATA[login test case!!]]>
  </system-out>
  <testcase classname="TestNGFlags.Flag3" name="method1" time="0.000"/>
  <system-out>
    <![CDATA[login test case!!]]>
  </system-out>
  <testcase classname="TestNGFlags.Flag3" name="method1" time="0.000"/>
  <system-out>
    <![CDATA[login test case!!]]>
  </system-out>
  <testcase classname="TestNGFlags.Flag3" name="method1" time="0.000"/>
  <system-out>
    <![CDATA[login test case!!]]>
  </system-out>
  <testcase classname="TestNGFlags.Flag3" name="method1" time="0.000"/>
  <system-out>
    <![CDATA[login test case!!]]>
  </system-out>
  <testcase classname="TestNGFlags.Flag3" name="method1" time="0.001"/>
  <system-out>
    <![CDATA[login test case!!]]>
  </system-out>
  <testcase classname="TestNGFlags.Flag3" name="method1" time="0.000"/>
  <system-out>
    <![CDATA[login test case!!]]>
  </system-out>
  <testcase classname="TestNGFlags.Flag3" name="method1" time="0.000"/>
  <system-out>
    <![CDATA[login test case!!]]>
  </system-out>
  <testcase classname="TestNGFlags.Flag3" name="method1" time="0.001"/>
  <system-out>
    <![CDATA[login test case!!]]>
  </system-out>
  <testcase classname="TestNGFlags.Flag3" name="method1" time="0.000"/>
  <system-out>
    <![CDATA[login test case!!]]>
  </system-out>
  <testcase classname="TestNGFlags.Flag3" name="method1" time="0.000"/>
  <system-out>
    <![CDATA[login test case!!]]>
  </system-out>
  <testcase classname="TestNGFlags.Flag3" name="method1" time="0.009"/>
  <system-out>
    <![CDATA[login test case!!]]>
  </system-out>
  <testcase classname="TestNGFlags.Flag3" name="method1" time="0.002"/>
  <system-out>
    <![CDATA[login test case!!]]>
  </system-out>
  <testcase classname="TestNGFlags.Flag3" name="method1" time="0.000"/>
  <system-out>
    <![CDATA[login test case!!]]>
  </system-out>
  <testcase classname="TestNGFlags.Flag3" name="method1" time="0.001"/>
  <system-out>
    <![CDATA[login test case!!]]>
  </system-out>
  <testcase classname="TestNGFlags.Flag3" name="method1" time="0.001"/>
  <system-out>
    <![CDATA[login test case!!]]>
  </system-out>
  <testcase classname="TestNGFlags.Flag3" name="method1" time="0.002"/>
  <system-out>
    <![CDATA[login test case!!]]>
  </system-out>
  <testcase classname="TestNGFlags.Flag3" name="method1" time="0.001"/>
  <system-out>
    <![CDATA[login test case!!]]>
  </system-out>
  <testcase classname="TestNGFlags.Flag3" name="method1" time="0.000"/>
  <system-out>
    <![CDATA[login test case!!]]>
  </system-out>
  <testcase classname="TestNGFlags.Flag3" name="method1" time="0.001"/>
  <system-out>
    <![CDATA[login test case!!]]>
  </system-out>
  <testcase classname="TestNGFlags.Flag3" name="method1" time="0.000"/>
  <system-out>
    <![CDATA[login test case!!]]>
  </system-out>
  <testcase classname="TestNGFlags.Flag3" name="method1" time="0.001"/>
  <system-out>
    <![CDATA[login test case!!]]>
  </system-out>
  <testcase classname="TestNGFlags.Flag3" name="method1" time="0.000"/>
  <system-out>
    <![CDATA[login test case!!]]>
  </system-out>
  <testcase classname="TestNGFlags.Flag3" name="method1" time="0.002"/>
  <system-out>
    <![CDATA[login test case!!]]>
  </system-out>
  <testcase classname="TestNGFlags.Flag3" name="method1" time="0.002"/>
  <system-out>
    <![CDATA[login test case!!]]>
  </system-out>
  <testcase classname="TestNGFlags.Flag3" name="method1" time="0.010"/>
  <system-out>
    <![CDATA[login test case!!]]>
  </system-out>
  <testcase classname="TestNGFlags.Flag3" name="method1" time="0.002"/>
  <system-out>
    <![CDATA[login test case!!]]>
  </system-out>
  <testcase classname="TestNGFlags.Flag3" name="method1" time="0.002"/>
  <system-out>
    <![CDATA[login test case!!]]>
  </system-out>
  <testcase classname="TestNGFlags.Flag3" name="method1" time="0.004"/>
  <system-out>
    <![CDATA[login test case!!]]>
  </system-out>
  <testcase classname="TestNGFlags.Flag3" name="method1" time="0.005"/>
  <system-out>
    <![CDATA[login test case!!]]>
  </system-out>
  <testcase classname="TestNGFlags.Flag3" name="method1" time="0.015"/>
  <system-out>
    <![CDATA[login test case!!]]>
  </system-out>
  <testcase classname="TestNGFlags.Flag3" name="method1" time="0.000"/>
  <system-out>
    <![CDATA[login test case!!]]>
  </system-out>
  <testcase classname="TestNGFlags.Flag3" name="method1" time="0.001"/>
  <system-out>
    <![CDATA[login test case!!]]>
  </system-out>
  <testcase classname="TestNGFlags.Flag3" name="method1" time="0.001"/>
  <system-out>
    <![CDATA[login test case!!]]>
  </system-out>
  <testcase classname="TestNGFlags.Flag3" name="method1" time="0.001"/>
  <system-out>
    <![CDATA[login test case!!]]>
  </system-out>
  <testcase classname="TestNGFlags.Flag3" name="method1" time="0.001"/>
  <system-out>
    <![CDATA[login test case!!]]>
  </system-out>
  <testcase classname="TestNGFlags.Flag3" name="method1" time="0.000"/>
  <system-out>
    <![CDATA[login test case!!]]>
  </system-out>
  <testcase classname="TestNGFlags.Flag3" name="method1" time="0.001"/>
  <system-out>
    <![CDATA[login test case!!]]>
  </system-out>
  <testcase classname="TestNGFlags.Flag3" name="method1" time="0.001"/>
  <system-out>
    <![CDATA[login test case!!]]>
  </system-out>
  <testcase classname="TestNGFlags.Flag3" name="method1" time="0.000"/>
  <system-out>
    <![CDATA[login test case!!]]>
  </system-out>
  <testcase classname="TestNGFlags.Flag3" name="method1" time="0.000"/>
  <system-out>
    <![CDATA[login test case!!]]>
  </system-out>
  <testcase classname="TestNGFlags.Flag3" name="method1" time="0.000"/>
  <system-out>
    <![CDATA[login test case!!]]>
  </system-out>
  <testcase classname="TestNGFlags.Flag3" name="method1" time="0.000"/>
  <system-out>
    <![CDATA[login test case!!]]>
  </system-out>
  <testcase classname="TestNGFlags.Flag3" name="method1" time="0.001"/>
  <system-out>
    <![CDATA[login test case!!]]>
  </system-out>
  <testcase classname="TestNGFlags.Flag3" name="method1" time="0.001"/>
  <system-out>
    <![CDATA[login test case!!]]>
  </system-out>
  <testcase classname="TestNGFlags.Flag3" name="method1" time="0.001"/>
  <system-out>
    <![CDATA[login test case!!]]>
  </system-out>
  <testcase classname="TestNGFlags.Flag3" name="method1" time="0.001"/>
  <system-out>
    <![CDATA[login test case!!]]>
  </system-out>
  <testcase classname="TestNGFlags.Flag3" name="method1" time="0.003"/>
  <system-out>
    <![CDATA[login test case!!]]>
  </system-out>
  <testcase classname="TestNGFlags.Flag3" name="method1" time="0.001"/>
  <system-out>
    <![CDATA[login test case!!]]>
  </system-out>
  <testcase classname="TestNGFlags.Flag3" name="method1" time="0.001"/>
  <system-out>
    <![CDATA[login test case!!]]>
  </system-out>
  <testcase classname="TestNGFlags.Flag3" name="method1" time="0.001"/>
  <system-out>
    <![CDATA[login test case!!]]>
  </system-out>
  <testcase classname="TestNGFlags.Flag3" name="method1" time="0.001"/>
  <system-out>
    <![CDATA[login test case!!]]>
  </system-out>
  <testcase classname="TestNGFlags.Flag3" name="method1" time="0.001"/>
  <system-out>
    <![CDATA[login test case!!]]>
  </system-out>
  <testcase classname="TestNGFlags.Flag3" name="method1" time="0.001"/>
  <system-out>
    <![CDATA[login test case!!]]>
  </system-out>
  <testcase classname="TestNGFlags.Flag3" name="method1" time="0.000"/>
  <system-out>
    <![CDATA[login test case!!]]>
  </system-out>
  <testcase classname="TestNGFlags.Flag3" name="method1" time="0.003"/>
  <system-out>
    <![CDATA[login test case!!]]>
  </system-out>
  <testcase classname="TestNGFlags.Flag3" name="method1" time="0.001"/>
  <system-out>
    <![CDATA[login test case!!]]>
  </system-out>
  <testcase classname="TestNGFlags.Flag3" name="method1" time="0.001"/>
  <system-out>
    <![CDATA[login test case!!]]>
  </system-out>
  <testcase classname="TestNGFlags.Flag3" name="method1" time="0.005"/>
  <system-out>
    <![CDATA[login test case!!]]>
  </system-out>
  <testcase classname="TestNGFlags.Flag3" name="method1" time="0.001"/>
  <system-out>
    <![CDATA[login test case!!]]>
  </system-out>
  <testcase classname="TestNGFlags.Flag3" name="method1" time="0.000"/>
  <system-out>
    <![CDATA[login test case!!]]>
  </system-out>
  <testcase classname="TestNGFlags.Flag3" name="method1" time="0.001"/>
  <system-out>
    <![CDATA[login test case!!]]>
  </system-out>
  <testcase classname="TestNGFlags.Flag3" name="method1" time="0.000"/>
  <system-out>
    <![CDATA[login test case!!]]>
  </system-out>
  <testcase classname="TestNGFlags.Flag3" name="method1" time="0.002"/>
  <system-out>
    <![CDATA[login test case!!]]>
  </system-out>
  <testcase classname="TestNGFlags.Flag3" name="method1" time="0.001"/>
  <system-out>
    <![CDATA[login test case!!]]>
  </system-out>
  <testcase classname="TestNGFlags.Flag3" name="method1" time="0.001"/>
  <system-out>
    <![CDATA[login test case!!]]>
  </system-out>
  <testcase classname="TestNGFlags.Flag3" name="method1" time="0.001"/>
  <system-out>
    <![CDATA[login test case!!]]>
  </system-out>
  <testcase classname="TestNGFlags.Flag3" name="method1" time="0.001"/>
  <system-out>
    <![CDATA[login test case!!]]>
  </system-out>
  <testcase classname="TestNGFlags.Flag3" name="method1" time="0.001"/>
  <system-out>
    <![CDATA[login test case!!]]>
  </system-out>
  <testcase classname="TestNGFlags.Flag3" name="method1" time="0.000"/>
  <system-out>
    <![CDATA[login test case!!]]>
  </system-out>
  <testcase classname="TestNGFlags.Flag3" name="method1" time="0.002"/>
  <system-out>
    <![CDATA[login test case!!]]>
  </system-out>
  <testcase classname="TestNGFlags.Flag3" name="method1" time="0.001"/>
  <system-out>
    <![CDATA[login test case!!]]>
  </system-out>
  <testcase classname="TestNGFlags.Flag3" name="method1" time="0.001"/>
  <system-out>
    <![CDATA[login test case!!]]>
  </system-out>
  <testcase classname="TestNGFlags.Flag3" name="method1" time="0.000"/>
  <system-out>
    <![CDATA[login test case!!]]>
  </system-out>
  <testcase classname="TestNGFlags.Flag3" name="method1" time="0.000"/>
  <system-out>
    <![CDATA[login test case!!]]>
  </system-out>
  <testcase classname="TestNGFlags.Flag3" name="method1" time="0.001"/>
  <system-out>
    <![CDATA[login test case!!]]>
  </system-out>
  <testcase classname="TestNGFlags.Flag3" name="method1" time="0.001"/>
  <system-out>
    <![CDATA[login test case!!]]>
  </system-out>
  <testcase classname="TestNGFlags.Flag3" name="method1" time="0.001"/>
  <system-out>
    <![CDATA[login test case!!]]>
  </system-out>
  <testcase classname="TestNGFlags.Flag3" name="method1" time="0.004"/>
  <system-out>
    <![CDATA[login test case!!]]>
  </system-out>
  <testcase classname="TestNGFlags.Flag3" name="method1" time="0.000"/>
  <system-out>
    <![CDATA[login test case!!]]>
  </system-out>
  <testcase classname="TestNGFlags.Flag3" name="method1" time="0.001"/>
  <system-out>
    <![CDATA[login test case!!]]>
  </system-out>
  <testcase classname="TestNGFlags.Flag3" name="method1" time="0.001"/>
  <system-out>
    <![CDATA[login test case!!]]>
  </system-out>
  <testcase classname="TestNGFlags.Flag3" name="method1" time="0.001"/>
  <system-out>
    <![CDATA[login test case!!]]>
  </system-out>
  <testcase classname="TestNGFlags.Flag3" name="method1" time="0.001"/>
  <system-out>
    <![CDATA[login test case!!]]>
  </system-out>
  <testcase classname="TestNGFlags.Flag3" name="method1" time="0.000"/>
  <system-out>
    <![CDATA[login test case!!]]>
  </system-out>
  <testcase classname="TestNGFlags.Flag3" name="method1" time="0.008"/>
  <system-out>
    <![CDATA[login test case!!]]>
  </system-out>
  <testcase classname="TestNGFlags.Flag3" name="method1" time="0.001"/>
  <system-out>
    <![CDATA[login test case!!]]>
  </system-out>
  <testcase classname="TestNGFlags.Flag3" name="method1" time="0.000"/>
  <system-out>
    <![CDATA[login test case!!]]>
  </system-out>
  <testcase classname="TestNGFlags.Flag3" name="method1" time="0.001"/>
  <system-out>
    <![CDATA[login test case!!]]>
  </system-out>
  <testcase classname="TestNGFlags.Flag3" name="method1" time="0.000"/>
  <system-out>
    <![CDATA[login test case!!]]>
  </system-out>
  <testcase classname="TestNGFlags.Flag3" name="method1" time="0.002"/>
  <system-out>
    <![CDATA[login test case!!]]>
  </system-out>
  <testcase classname="TestNGFlags.Flag3" name="method1" time="0.001"/>
  <system-out>
    <![CDATA[login test case!!]]>
  </system-out>
  <testcase classname="TestNGFlags.Flag3" name="method1" time="0.000"/>
  <system-out>
    <![CDATA[login test case!!]]>
  </system-out>
  <testcase classname="TestNGFlags.Flag3" name="method1" time="0.002"/>
  <system-out>
    <![CDATA[login test case!!]]>
  </system-out>
  <testcase classname="TestNGFlags.Flag3" name="method1" time="0.006"/>
  <system-out>
    <![CDATA[login test case!!]]>
  </system-out>
  <testcase classname="TestNGFlags.Flag3" name="method1" time="0.000"/>
  <system-out>
    <![CDATA[login test case!!]]>
  </system-out>
  <testcase classname="TestNGFlags.Flag3" name="method1" time="0.001"/>
  <system-out>
    <![CDATA[login test case!!]]>
  </system-out>
  <testcase classname="TestNGFlags.Flag3" name="method1" time="0.000"/>
  <system-out>
    <![CDATA[login test case!!]]>
  </system-out>
  <testcase classname="TestNGFlags.Flag3" name="method1" time="0.001"/>
  <system-out>
    <![CDATA[login test case!!]]>
  </system-out>
  <testcase classname="TestNGFlags.Flag3" name="method1" time="0.001"/>
  <system-out>
    <![CDATA[login test case!!]]>
  </system-out>
  <testcase classname="TestNGFlags.Flag3" name="method1" time="0.002"/>
  <system-out>
    <![CDATA[login test case!!]]>
  </system-out>
  <testcase classname="TestNGFlags.Flag3" name="method1" time="0.000"/>
  <system-out>
    <![CDATA[login test case!!]]>
  </system-out>
  <testcase classname="TestNGFlags.Flag3" name="method1" time="0.008"/>
  <system-out>
    <![CDATA[login test case!!]]>
  </system-out>
  <testcase classname="TestNGFlags.Flag3" name="method1" time="0.001"/>
  <system-out>
    <![CDATA[login test case!!]]>
  </system-out>
  <testcase classname="TestNGFlags.Flag3" name="method1" time="0.001"/>
  <system-out>
    <![CDATA[login test case!!]]>
  </system-out>
  <testcase classname="TestNGFlags.Flag3" name="method1" time="0.003"/>
  <system-out>
    <![CDATA[login test case!!]]>
  </system-out>
  <testcase classname="TestNGFlags.Flag3" name="method1" time="0.001"/>
  <system-out>
    <![CDATA[login test case!!]]>
  </system-out>
  <testcase classname="TestNGFlags.Flag3" name="method1" time="0.001"/>
  <system-out>
    <![CDATA[login test case!!]]>
  </system-out>
  <testcase classname="TestNGFlags.Flag3" name="method1" time="0.001"/>
  <system-out>
    <![CDATA[login test case!!]]>
  </system-out>
  <testcase classname="TestNGFlags.Flag3" name="method1" time="0.001"/>
  <system-out>
    <![CDATA[login test case!!]]>
  </system-out>
  <testcase classname="TestNGFlags.Flag3" name="method1" time="0.002"/>
  <system-out>
    <![CDATA[login test case!!]]>
  </system-out>
  <testcase classname="TestNGFlags.Flag3" name="method1" time="0.001"/>
  <system-out>
    <![CDATA[login test case!!]]>
  </system-out>
  <testcase classname="TestNGFlags.Flag3" name="method1" time="0.001"/>
  <system-out>
    <![CDATA[login test case!!]]>
  </system-out>
  <testcase classname="TestNGFlags.Flag3" name="method1" time="0.002"/>
  <system-out>
    <![CDATA[login test case!!]]>
  </system-out>
  <testcase classname="TestNGFlags.Flag3" name="method1" time="0.002"/>
  <system-out>
    <![CDATA[login test case!!]]>
  </system-out>
  <testcase classname="TestNGFlags.Flag3" name="method1" time="0.000"/>
  <system-out>
    <![CDATA[login test case!!]]>
  </system-out>
  <testcase classname="TestNGFlags.Flag3" name="method1" time="0.000"/>
  <system-out>
    <![CDATA[login test case!!]]>
  </system-out>
  <testcase classname="TestNGFlags.Flag3" name="method1" time="0.001"/>
  <system-out>
    <![CDATA[login test case!!]]>
  </system-out>
  <testcase classname="TestNGFlags.Flag3" name="method1" time="0.001"/>
  <system-out>
    <![CDATA[login test case!!]]>
  </system-out>
  <testcase classname="TestNGFlags.Flag3" name="method1" time="0.001"/>
  <system-out>
    <![CDATA[login test case!!]]>
  </system-out>
  <testcase classname="TestNGFlags.Flag3" name="method1" time="0.000"/>
  <system-out>
    <![CDATA[login test case!!]]>
  </system-out>
  <testcase classname="TestNGFlags.Flag3" name="method1" time="0.002"/>
  <system-out>
    <![CDATA[login test case!!]]>
  </system-out>
  <testcase classname="TestNGFlags.Flag3" name="method1" time="0.000"/>
  <system-out>
    <![CDATA[login test case!!]]>
  </system-out>
  <testcase classname="TestNGFlags.Flag3" name="method1" time="0.002"/>
  <system-out>
    <![CDATA[login test case!!]]>
  </system-out>
  <testcase classname="TestNGFlags.Flag3" name="method1" time="0.001"/>
  <system-out>
    <![CDATA[login test case!!]]>
  </system-out>
  <testcase classname="TestNGFlags.Flag3" name="method1" time="0.004"/>
  <system-out>
    <![CDATA[login test case!!]]>
  </system-out>
  <testcase classname="TestNGFlags.Flag3" name="method1" time="0.000"/>
  <system-out>
    <![CDATA[login test case!!]]>
  </system-out>
  <testcase classname="TestNGFlags.Flag3" name="method1" time="0.001"/>
  <system-out>
    <![CDATA[login test case!!]]>
  </system-out>
  <testcase classname="TestNGFlags.Flag3" name="method1" time="0.001"/>
  <system-out>
    <![CDATA[login test case!!]]>
  </system-out>
  <testcase classname="TestNGFlags.Flag3" name="method1" time="0.001"/>
  <system-out>
    <![CDATA[login test case!!]]>
  </system-out>
  <testcase classname="TestNGFlags.Flag3" name="method1" time="0.001"/>
  <system-out>
    <![CDATA[login test case!!]]>
  </system-out>
  <testcase classname="TestNGFlags.Flag3" name="method1" time="0.000"/>
  <system-out>
    <![CDATA[login test case!!]]>
  </system-out>
  <testcase classname="TestNGFlags.Flag3" name="method1" time="0.001"/>
  <system-out>
    <![CDATA[login test case!!]]>
  </system-out>
  <testcase classname="TestNGFlags.Flag3" name="method1" time="0.000"/>
  <system-out>
    <![CDATA[login test case!!]]>
  </system-out>
  <testcase classname="TestNGFlags.Flag3" name="method1" time="0.006"/>
  <system-out>
    <![CDATA[login test case!!]]>
  </system-out>
  <testcase classname="TestNGFlags.Flag3" name="method1" time="0.004"/>
  <system-out>
    <![CDATA[login test case!!]]>
  </system-out>
  <testcase classname="TestNGFlags.Flag3" name="method1" time="0.001"/>
  <system-out>
    <![CDATA[login test case!!]]>
  </system-out>
  <testcase classname="TestNGFlags.Flag3" name="method1" time="0.001"/>
  <system-out>
    <![CDATA[login test case!!]]>
  </system-out>
  <testcase classname="TestNGFlags.Flag3" name="method1" time="0.002"/>
  <system-out>
    <![CDATA[login test case!!]]>
  </system-out>
  <testcase classname="TestNGFlags.Flag3" name="method1" time="0.003"/>
  <system-out>
    <![CDATA[login test case!!]]>
  </system-out>
  <testcase classname="TestNGFlags.Flag3" name="method1" time="0.002"/>
  <system-out>
    <![CDATA[login test case!!]]>
  </system-out>
  <testcase classname="TestNGFlags.Flag3" name="method1" time="0.000"/>
  <system-out>
    <![CDATA[login test case!!]]>
  </system-out>
  <testcase classname="TestNGFlags.Flag3" name="method1" time="0.001"/>
  <system-out>
    <![CDATA[login test case!!]]>
  </system-out>
  <testcase classname="TestNGFlags.Flag3" name="method1" time="0.001"/>
  <system-out>
    <![CDATA[login test case!!]]>
  </system-out>
  <testcase classname="TestNGFlags.Flag3" name="method1" time="0.001"/>
  <system-out>
    <![CDATA[login test case!!]]>
  </system-out>
  <testcase classname="TestNGFlags.Flag3" name="method1" time="0.002"/>
  <system-out>
    <![CDATA[login test case!!]]>
  </system-out>
  <testcase classname="TestNGFlags.Flag3" name="method1" time="0.000"/>
  <system-out>
    <![CDATA[login test case!!]]>
  </system-out>
  <testcase classname="TestNGFlags.Flag3" name="method1" time="0.004"/>
  <system-out>
    <![CDATA[login test case!!]]>
  </system-out>
  <testcase classname="TestNGFlags.Flag3" name="method1" time="0.001"/>
  <system-out>
    <![CDATA[login test case!!]]>
  </system-out>
  <testcase classname="TestNGFlags.Flag3" name="method1" time="0.000"/>
  <system-out>
    <![CDATA[login test case!!]]>
  </system-out>
  <testcase classname="TestNGFlags.Flag3" name="method1" time="0.002"/>
  <system-out>
    <![CDATA[login test case!!]]>
  </system-out>
  <testcase classname="TestNGFlags.Flag3" name="method1" time="0.001"/>
  <system-out>
    <![CDATA[login test case!!]]>
  </system-out>
  <testcase classname="TestNGFlags.Flag3" name="method1" time="0.003"/>
  <system-out>
    <![CDATA[login test case!!]]>
  </system-out>
  <testcase classname="TestNGFlags.Flag3" name="method1" time="0.001"/>
  <system-out>
    <![CDATA[login test case!!]]>
  </system-out>
  <testcase classname="TestNGFlags.Flag3" name="method1" time="0.001"/>
  <system-out>
    <![CDATA[login test case!!]]>
  </system-out>
  <testcase classname="TestNGFlags.Flag3" name="method1" time="0.000"/>
  <system-out>
    <![CDATA[login test case!!]]>
  </system-out>
  <testcase classname="TestNGFlags.Flag3" name="method1" time="0.001"/>
  <system-out>
    <![CDATA[login test case!!]]>
  </system-out>
  <testcase classname="TestNGFlags.Flag3" name="method1" time="0.000"/>
  <system-out>
    <![CDATA[login test case!!]]>
  </system-out>
  <testcase classname="TestNGFlags.Flag3" name="method1" time="0.001"/>
  <system-out>
    <![CDATA[login test case!!]]>
  </system-out>
  <testcase classname="TestNGFlags.Flag3" name="method1" time="0.000"/>
  <system-out>
    <![CDATA[login test case!!]]>
  </system-out>
  <testcase classname="TestNGFlags.Flag3" name="method1" time="0.001"/>
  <system-out>
    <![CDATA[login test case!!]]>
  </system-out>
  <testcase classname="TestNGFlags.Flag3" name="method1" time="0.000"/>
  <system-out>
    <![CDATA[login test case!!]]>
  </system-out>
  <testcase classname="TestNGFlags.Flag3" name="method1" time="0.001"/>
  <system-out>
    <![CDATA[login test case!!]]>
  </system-out>
  <testcase classname="TestNGFlags.Flag3" name="method1" time="0.003"/>
  <system-out>
    <![CDATA[login test case!!]]>
  </system-out>
  <testcase classname="TestNGFlags.Flag3" name="method1" time="0.005"/>
  <system-out>
    <![CDATA[login test case!!]]>
  </system-out>
  <testcase classname="TestNGFlags.Flag3" name="method1" time="0.004"/>
  <system-out>
    <![CDATA[login test case!!]]>
  </system-out>
  <testcase classname="TestNGFlags.Flag3" name="method1" time="0.001"/>
  <system-out>
    <![CDATA[login test case!!]]>
  </system-out>
  <testcase classname="TestNGFlags.Flag3" name="method1" time="0.001"/>
  <system-out>
    <![CDATA[login test case!!]]>
  </system-out>
  <testcase classname="TestNGFlags.Flag3" name="method1" time="0.000"/>
  <system-out>
    <![CDATA[login test case!!]]>
  </system-out>
  <testcase classname="TestNGFlags.Flag3" name="method1" time="0.001"/>
  <system-out>
    <![CDATA[login test case!!]]>
  </system-out>
  <testcase classname="TestNGFlags.Flag3" name="method1" time="0.001"/>
  <system-out>
    <![CDATA[login test case!!]]>
  </system-out>
  <testcase classname="TestNGFlags.Flag3" name="method1" time="0.001"/>
  <system-out>
    <![CDATA[login test case!!]]>
  </system-out>
  <testcase classname="TestNGFlags.Flag3" name="method1" time="0.002"/>
  <system-out>
    <![CDATA[login test case!!]]>
  </system-out>
  <testcase classname="TestNGFlags.Flag3" name="method1" time="0.000"/>
  <system-out>
    <![CDATA[login test case!!]]>
  </system-out>
  <testcase classname="TestNGFlags.Flag3" name="method1" time="0.001"/>
  <system-out>
    <![CDATA[login test case!!]]>
  </system-out>
  <testcase classname="TestNGFlags.Flag3" name="method1" time="0.002"/>
  <system-out>
    <![CDATA[login test case!!]]>
  </system-out>
  <testcase classname="TestNGFlags.Flag3" name="method1" time="0.001"/>
  <system-out>
    <![CDATA[login test case!!]]>
  </system-out>
  <testcase classname="TestNGFlags.Flag3" name="method1" time="0.000"/>
  <system-out>
    <![CDATA[login test case!!]]>
  </system-out>
  <testcase classname="TestNGFlags.Flag3" name="method1" time="0.002"/>
  <system-out>
    <![CDATA[login test case!!]]>
  </system-out>
  <testcase classname="TestNGFlags.Flag3" name="method1" time="0.001"/>
  <system-out>
    <![CDATA[login test case!!]]>
  </system-out>
  <testcase classname="TestNGFlags.Flag3" name="method1" time="0.003"/>
  <system-out>
    <![CDATA[login test case!!]]>
  </system-out>
  <testcase classname="TestNGFlags.Flag3" name="method1" time="0.001"/>
  <system-out>
    <![CDATA[login test case!!]]>
  </system-out>
  <testcase classname="TestNGFlags.Flag3" name="method1" time="0.001"/>
  <system-out>
    <![CDATA[login test case!!]]>
  </system-out>
  <testcase classname="TestNGFlags.Flag3" name="method1" time="0.002"/>
  <system-out>
    <![CDATA[login test case!!]]>
  </system-out>
  <testcase classname="TestNGFlags.Flag3" name="method1" time="0.002"/>
  <system-out>
    <![CDATA[login test case!!]]>
  </system-out>
  <testcase classname="TestNGFlags.Flag3" name="method1" time="0.001"/>
  <system-out>
    <![CDATA[login test case!!]]>
  </system-out>
  <testcase classname="TestNGFlags.Flag3" name="method1" time="0.000"/>
  <system-out>
    <![CDATA[login test case!!]]>
  </system-out>
  <testcase classname="TestNGFlags.Flag3" name="method1" time="0.000"/>
  <system-out>
    <![CDATA[login test case!!]]>
  </system-out>
  <testcase classname="TestNGFlags.Flag3" name="method1" time="0.000"/>
  <system-out>
    <![CDATA[login test case!!]]>
  </system-out>
  <testcase classname="TestNGFlags.Flag3" name="method1" time="0.001"/>
  <system-out>
    <![CDATA[login test case!!]]>
  </system-out>
  <testcase classname="TestNGFlags.Flag3" name="method1" time="0.005"/>
  <system-out>
    <![CDATA[login test case!!]]>
  </system-out>
  <testcase classname="TestNGFlags.Flag3" name="method1" time="0.003"/>
  <system-out>
    <![CDATA[login test case!!]]>
  </system-out>
  <testcase classname="TestNGFlags.Flag3" name="method1" time="0.001"/>
  <system-out>
    <![CDATA[login test case!!]]>
  </system-out>
  <testcase classname="TestNGFlags.Flag3" name="method1" time="0.001"/>
  <system-out>
    <![CDATA[login test case!!]]>
  </system-out>
  <testcase classname="TestNGFlags.Flag3" name="method1" time="0.000"/>
  <system-out>
    <![CDATA[login test case!!]]>
  </system-out>
  <testcase classname="TestNGFlags.Flag3" name="method1" time="0.001"/>
  <system-out>
    <![CDATA[login test case!!]]>
  </system-out>
  <testcase classname="TestNGFlags.Flag3" name="method1" time="0.000"/>
  <system-out>
    <![CDATA[login test case!!]]>
  </system-out>
  <testcase classname="TestNGFlags.Flag3" name="method1" time="0.002"/>
  <system-out>
    <![CDATA[login test case!!]]>
  </system-out>
  <testcase classname="TestNGFlags.Flag3" name="method1" time="0.003"/>
  <system-out>
    <![CDATA[login test case!!]]>
  </system-out>
  <testcase classname="TestNGFlags.Flag3" name="method1" time="0.001"/>
  <system-out>
    <![CDATA[login test case!!]]>
  </system-out>
  <testcase classname="TestNGFlags.Flag3" name="method1" time="0.001"/>
  <system-out>
    <![CDATA[login test case!!]]>
  </system-out>
  <testcase classname="TestNGFlags.Flag3" name="method1" time="0.001"/>
  <system-out>
    <![CDATA[login test case!!]]>
  </system-out>
  <testcase classname="TestNGFlags.Flag3" name="method1" time="0.001"/>
  <system-out>
    <![CDATA[login test case!!]]>
  </system-out>
  <testcase classname="TestNGFlags.Flag3" name="method1" time="0.001"/>
  <system-out>
    <![CDATA[login test case!!]]>
  </system-out>
  <testcase classname="TestNGFlags.Flag3" name="method1" time="0.001"/>
  <system-out>
    <![CDATA[login test case!!]]>
  </system-out>
  <testcase classname="TestNGFlags.Flag3" name="method1" time="0.000"/>
  <system-out>
    <![CDATA[login test case!!]]>
  </system-out>
  <testcase classname="TestNGFlags.Flag3" name="method1" time="0.002"/>
  <system-out>
    <![CDATA[login test case!!]]>
  </system-out>
  <testcase classname="TestNGFlags.Flag3" name="method1" time="0.001"/>
  <system-out>
    <![CDATA[login test case!!]]>
  </system-out>
  <testcase classname="TestNGFlags.Flag3" name="method1" time="0.000"/>
  <system-out>
    <![CDATA[login test case!!]]>
  </system-out>
  <testcase classname="TestNGFlags.Flag3" name="method1" time="0.000"/>
  <system-out>
    <![CDATA[login test case!!]]>
  </system-out>
  <testcase classname="TestNGFlags.Flag3" name="method1" time="0.001"/>
  <system-out>
    <![CDATA[login test case!!]]>
  </system-out>
  <testcase classname="TestNGFlags.Flag3" name="method1" time="0.010"/>
  <system-out>
    <![CDATA[login test case!!]]>
  </system-out>
  <testcase classname="TestNGFlags.Flag3" name="method1" time="0.001"/>
  <system-out>
    <![CDATA[login test case!!]]>
  </system-out>
  <testcase classname="TestNGFlags.Flag3" name="method1" time="0.004"/>
  <system-out>
    <![CDATA[login test case!!]]>
  </system-out>
  <testcase classname="TestNGFlags.Flag3" name="method1" time="0.001"/>
  <system-out>
    <![CDATA[login test case!!]]>
  </system-out>
  <testcase classname="TestNGFlags.Flag3" name="method1" time="0.001"/>
  <system-out>
    <![CDATA[login test case!!]]>
  </system-out>
  <testcase classname="TestNGFlags.Flag3" name="method1" time="0.001"/>
  <system-out>
    <![CDATA[login test case!!]]>
  </system-out>
  <testcase classname="TestNGFlags.Flag3" name="method1" time="0.001"/>
  <system-out>
    <![CDATA[login test case!!]]>
  </system-out>
  <testcase classname="TestNGFlags.Flag3" name="method1" time="0.000"/>
  <system-out>
    <![CDATA[login test case!!]]>
  </system-out>
  <testcase classname="TestNGFlags.Flag3" name="method1" time="0.001"/>
  <system-out>
    <![CDATA[login test case!!]]>
  </system-out>
  <testcase classname="TestNGFlags.Flag3" name="method1" time="0.002"/>
  <system-out>
    <![CDATA[login test case!!]]>
  </system-out>
  <testcase classname="TestNGFlags.Flag3" name="method1" time="0.000"/>
  <system-out>
    <![CDATA[login test case!!]]>
  </system-out>
  <testcase classname="TestNGFlags.Flag3" name="method1" time="0.002"/>
  <system-out>
    <![CDATA[login test case!!]]>
  </system-out>
  <testcase classname="TestNGFlags.Flag3" name="method1" time="0.001"/>
  <system-out>
    <![CDATA[login test case!!]]>
  </system-out>
  <testcase classname="TestNGFlags.Flag3" name="method1" time="0.001"/>
  <system-out>
    <![CDATA[login test case!!]]>
  </system-out>
  <testcase classname="TestNGFlags.Flag3" name="method1" time="0.001"/>
  <system-out>
    <![CDATA[login test case!!]]>
  </system-out>
  <testcase classname="TestNGFlags.Flag3" name="method1" time="0.000"/>
  <system-out>
    <![CDATA[login test case!!]]>
  </system-out>
  <testcase classname="TestNGFlags.Flag3" name="method1" time="0.001"/>
  <system-out>
    <![CDATA[login test case!!]]>
  </system-out>
  <testcase classname="TestNGFlags.Flag3" name="method1" time="0.000"/>
  <system-out>
    <![CDATA[login test case!!]]>
  </system-out>
  <testcase classname="TestNGFlags.Flag3" name="method1" time="0.001"/>
  <system-out>
    <![CDATA[login test case!!]]>
  </system-out>
  <testcase classname="TestNGFlags.Flag3" name="method1" time="0.000"/>
  <system-out>
    <![CDATA[login test case!!]]>
  </system-out>
  <testcase classname="TestNGFlags.Flag3" name="method1" time="0.000"/>
  <system-out>
    <![CDATA[login test case!!]]>
  </system-out>
  <testcase classname="TestNGFlags.Flag3" name="method1" time="0.001"/>
  <system-out>
    <![CDATA[login test case!!]]>
  </system-out>
  <testcase classname="TestNGFlags.Flag3" name="method1" time="0.001"/>
  <system-out>
    <![CDATA[login test case!!]]>
  </system-out>
  <testcase classname="TestNGFlags.Flag3" name="method1" time="0.001"/>
  <system-out>
    <![CDATA[login test case!!]]>
  </system-out>
  <testcase classname="TestNGFlags.Flag3" name="method1" time="0.001"/>
  <system-out>
    <![CDATA[login test case!!]]>
  </system-out>
  <testcase classname="TestNGFlags.Flag3" name="method1" time="0.003"/>
  <system-out>
    <![CDATA[login test case!!]]>
  </system-out>
  <testcase classname="TestNGFlags.Flag3" name="method1" time="0.006"/>
  <system-out>
    <![CDATA[login test case!!]]>
  </system-out>
  <testcase classname="TestNGFlags.Flag3" name="method1" time="0.011"/>
  <system-out>
    <![CDATA[login test case!!]]>
  </system-out>
  <testcase classname="TestNGFlags.Flag3" name="method1" time="0.000"/>
  <system-out>
    <![CDATA[login test case!!]]>
  </system-out>
  <testcase classname="TestNGFlags.Flag3" name="method1" time="0.001"/>
  <system-out>
    <![CDATA[login test case!!]]>
  </system-out>
  <testcase classname="TestNGFlags.Flag3" name="method1" time="0.002"/>
  <system-out>
    <![CDATA[login test case!!]]>
  </system-out>
  <testcase classname="TestNGFlags.Flag3" name="method1" time="0.008"/>
  <system-out>
    <![CDATA[login test case!!]]>
  </system-out>
  <testcase classname="TestNGFlags.Flag3" name="method1" time="0.046"/>
  <system-out>
    <![CDATA[login test case!!]]>
  </system-out>
  <testcase classname="TestNGFlags.Flag3" name="method1" time="0.001"/>
  <system-out>
    <![CDATA[login test case!!]]>
  </system-out>
  <testcase classname="TestNGFlags.Flag3" name="method1" time="0.001"/>
  <system-out>
    <![CDATA[login test case!!]]>
  </system-out>
  <testcase classname="TestNGFlags.Flag3" name="method1" time="0.005"/>
  <system-out>
    <![CDATA[login test case!!]]>
  </system-out>
  <testcase classname="TestNGFlags.Flag3" name="method1" time="0.000"/>
  <system-out>
    <![CDATA[login test case!!]]>
  </system-out>
  <testcase classname="TestNGFlags.Flag3" name="method1" time="0.001"/>
  <system-out>
    <![CDATA[login test case!!]]>
  </system-out>
  <testcase classname="TestNGFlags.Flag3" name="method1" time="0.001"/>
  <system-out>
    <![CDATA[login test case!!]]>
  </system-out>
  <testcase classname="TestNGFlags.Flag3" name="method1" time="0.002"/>
  <system-out>
    <![CDATA[login test case!!]]>
  </system-out>
  <testcase classname="TestNGFlags.Flag3" name="method1" time="0.000"/>
  <system-out>
    <![CDATA[login test case!!]]>
  </system-out>
  <testcase classname="TestNGFlags.Flag3" name="method1" time="0.000"/>
  <system-out>
    <![CDATA[login test case!!]]>
  </system-out>
  <testcase classname="TestNGFlags.Flag3" name="method1" time="0.001"/>
  <system-out>
    <![CDATA[login test case!!]]>
  </system-out>
  <testcase classname="TestNGFlags.Flag3" name="method1" time="0.002"/>
  <system-out>
    <![CDATA[login test case!!]]>
  </system-out>
  <testcase classname="TestNGFlags.Flag3" name="method1" time="0.000"/>
  <system-out>
    <![CDATA[login test case!!]]>
  </system-out>
  <testcase classname="TestNGFlags.Flag3" name="method1" time="0.001"/>
  <system-out>
    <![CDATA[login test case!!]]>
  </system-out>
  <testcase classname="TestNGFlags.Flag3" name="method1" time="0.002"/>
  <system-out>
    <![CDATA[login test case!!]]>
  </system-out>
  <testcase classname="TestNGFlags.Flag3" name="method1" time="0.001"/>
  <system-out>
    <![CDATA[login test case!!]]>
  </system-out>
  <testcase classname="TestNGFlags.Flag3" name="method1" time="0.002"/>
  <system-out>
    <![CDATA[login test case!!]]>
  </system-out>
  <testcase classname="TestNGFlags.Flag3" name="method1" time="0.000"/>
  <system-out>
    <![CDATA[login test case!!]]>
  </system-out>
  <testcase classname="TestNGFlags.Flag3" name="method1" time="0.000"/>
  <system-out>
    <![CDATA[login test case!!]]>
  </system-out>
  <testcase classname="TestNGFlags.Flag3" name="method1" time="0.000"/>
  <system-out>
    <![CDATA[login test case!!]]>
  </system-out>
  <testcase classname="TestNGFlags.Flag3" name="method1" time="0.001"/>
  <system-out>
    <![CDATA[login test case!!]]>
  </system-out>
  <testcase classname="TestNGFlags.Flag3" name="method1" time="0.001"/>
  <system-out>
    <![CDATA[login test case!!]]>
  </system-out>
  <testcase classname="TestNGFlags.Flag3" name="method1" time="0.000"/>
  <system-out>
    <![CDATA[login test case!!]]>
  </system-out>
  <testcase classname="TestNGFlags.Flag3" name="method1" time="0.004"/>
  <system-out>
    <![CDATA[login test case!!]]>
  </system-out>
  <testcase classname="TestNGFlags.Flag3" name="method1" time="0.002"/>
  <system-out>
    <![CDATA[login test case!!]]>
  </system-out>
  <testcase classname="TestNGFlags.Flag3" name="method1" time="0.001"/>
  <system-out>
    <![CDATA[login test case!!]]>
  </system-out>
  <testcase classname="TestNGFlags.Flag3" name="method1" time="0.000"/>
  <system-out>
    <![CDATA[login test case!!]]>
  </system-out>
  <testcase classname="TestNGFlags.Flag3" name="method1" time="0.000"/>
  <system-out>
    <![CDATA[login test case!!]]>
  </system-out>
  <testcase classname="TestNGFlags.Flag3" name="method1" time="0.000"/>
  <system-out>
    <![CDATA[login test case!!]]>
  </system-out>
  <testcase classname="TestNGFlags.Flag3" name="method1" time="0.000"/>
  <system-out>
    <![CDATA[login test case!!]]>
  </system-out>
  <testcase classname="TestNGFlags.Flag3" name="method1" time="0.001"/>
  <system-out>
    <![CDATA[login test case!!]]>
  </system-out>
  <testcase classname="TestNGFlags.Flag3" name="method1" time="0.001"/>
  <system-out>
    <![CDATA[login test case!!]]>
  </system-out>
  <testcase classname="TestNGFlags.Flag3" name="method1" time="0.001"/>
  <system-out>
    <![CDATA[login test case!!]]>
  </system-out>
  <testcase classname="TestNGFlags.Flag3" name="method1" time="0.002"/>
  <system-out>
    <![CDATA[login test case!!]]>
  </system-out>
  <testcase classname="TestNGFlags.Flag3" name="method1" time="0.001"/>
  <system-out>
    <![CDATA[login test case!!]]>
  </system-out>
  <testcase classname="TestNGFlags.Flag3" name="method1" time="0.000"/>
  <system-out>
    <![CDATA[login test case!!]]>
  </system-out>
  <testcase classname="TestNGFlags.Flag3" name="method1" time="0.001"/>
  <system-out>
    <![CDATA[login test case!!]]>
  </system-out>
  <testcase classname="TestNGFlags.Flag3" name="method1" time="0.001"/>
  <system-out>
    <![CDATA[login test case!!]]>
  </system-out>
  <testcase classname="TestNGFlags.Flag3" name="method1" time="0.001"/>
  <system-out>
    <![CDATA[login test case!!]]>
  </system-out>
  <testcase classname="TestNGFlags.Flag3" name="method1" time="0.002"/>
  <system-out>
    <![CDATA[login test case!!]]>
  </system-out>
  <testcase classname="TestNGFlags.Flag3" name="method1" time="0.000"/>
  <system-out>
    <![CDATA[login test case!!]]>
  </system-out>
  <testcase classname="TestNGFlags.Flag3" name="method1" time="0.000"/>
  <system-out>
    <![CDATA[login test case!!]]>
  </system-out>
  <testcase classname="TestNGFlags.Flag3" name="method1" time="0.001"/>
  <system-out>
    <![CDATA[login test case!!]]>
  </system-out>
  <testcase classname="TestNGFlags.Flag3" name="method1" time="0.002"/>
  <system-out>
    <![CDATA[login test case!!]]>
  </system-out>
  <testcase classname="TestNGFlags.Flag3" name="method1" time="0.002"/>
  <system-out>
    <![CDATA[login test case!!]]>
  </system-out>
  <testcase classname="TestNGFlags.Flag3" name="method1" time="0.004"/>
  <system-out>
    <![CDATA[login test case!!]]>
  </system-out>
  <testcase classname="TestNGFlags.Flag3" name="method1" time="0.004"/>
  <system-out>
    <![CDATA[login test case!!]]>
  </system-out>
  <testcase classname="TestNGFlags.Flag3" name="method1" time="0.001"/>
  <system-out>
    <![CDATA[login test case!!]]>
  </system-out>
  <testcase classname="TestNGFlags.Flag3" name="method1" time="0.004"/>
  <system-out>
    <![CDATA[login test case!!]]>
  </system-out>
  <testcase classname="TestNGFlags.Flag3" name="method1" time="0.000"/>
  <system-out>
    <![CDATA[login test case!!]]>
  </system-out>
  <testcase classname="TestNGFlags.Flag3" name="method1" time="0.001"/>
  <system-out>
    <![CDATA[login test case!!]]>
  </system-out>
  <testcase classname="TestNGFlags.Flag3" name="method1" time="0.001"/>
  <system-out>
    <![CDATA[login test case!!]]>
  </system-out>
  <testcase classname="TestNGFlags.Flag3" name="method1" time="0.002"/>
  <system-out>
    <![CDATA[login test case!!]]>
  </system-out>
  <testcase classname="TestNGFlags.Flag3" name="method1" time="0.001"/>
  <system-out>
    <![CDATA[login test case!!]]>
  </system-out>
  <testcase classname="TestNGFlags.Flag3" name="method1" time="0.002"/>
  <system-out>
    <![CDATA[login test case!!]]>
  </system-out>
  <testcase classname="TestNGFlags.Flag3" name="method1" time="0.001"/>
  <system-out>
    <![CDATA[login test case!!]]>
  </system-out>
  <testcase classname="TestNGFlags.Flag3" name="method1" time="0.001"/>
  <system-out>
    <![CDATA[login test case!!]]>
  </system-out>
  <testcase classname="TestNGFlags.Flag3" name="method1" time="0.000"/>
  <system-out>
    <![CDATA[login test case!!]]>
  </system-out>
  <testcase classname="TestNGFlags.Flag3" name="method1" time="0.001"/>
  <system-out>
    <![CDATA[login test case!!]]>
  </system-out>
  <testcase classname="TestNGFlags.Flag3" name="method1" time="0.000"/>
  <system-out>
    <![CDATA[login test case!!]]>
  </system-out>
  <testcase classname="TestNGFlags.Flag3" name="method1" time="0.000"/>
  <system-out>
    <![CDATA[login test case!!]]>
  </system-out>
  <testcase classname="TestNGFlags.Flag3" name="method1" time="0.002"/>
  <system-out>
    <![CDATA[login test case!!]]>
  </system-out>
  <testcase classname="TestNGFlags.Flag3" name="method1" time="0.001"/>
  <system-out>
    <![CDATA[login test case!!]]>
  </system-out>
  <testcase classname="TestNGFlags.Flag3" name="method1" time="0.001"/>
  <system-out>
    <![CDATA[login test case!!]]>
  </system-out>
  <testcase classname="TestNGFlags.Flag3" name="method1" time="0.002"/>
  <system-out>
    <![CDATA[login test case!!]]>
  </system-out>
  <testcase classname="TestNGFlags.Flag3" name="method1" time="0.003"/>
  <system-out>
    <![CDATA[login test case!!]]>
  </system-out>
  <testcase classname="TestNGFlags.Flag3" name="method1" time="0.001"/>
  <system-out>
    <![CDATA[login test case!!]]>
  </system-out>
  <testcase classname="TestNGFlags.Flag3" name="method1" time="0.001"/>
  <system-out>
    <![CDATA[login test case!!]]>
  </system-out>
  <testcase classname="TestNGFlags.Flag3" name="method1" time="0.001"/>
  <system-out>
    <![CDATA[login test case!!]]>
  </system-out>
  <testcase classname="TestNGFlags.Flag3" name="method1" time="0.002"/>
  <system-out>
    <![CDATA[login test case!!]]>
  </system-out>
  <testcase classname="TestNGFlags.Flag3" name="method1" time="0.001"/>
  <system-out>
    <![CDATA[login test case!!]]>
  </system-out>
  <testcase classname="TestNGFlags.Flag3" name="method1" time="0.000"/>
  <system-out>
    <![CDATA[login test case!!]]>
  </system-out>
  <testcase classname="TestNGFlags.Flag3" name="method1" time="0.002"/>
  <system-out>
    <![CDATA[login test case!!]]>
  </system-out>
  <testcase classname="TestNGFlags.Flag3" name="method1" time="0.003"/>
  <system-out>
    <![CDATA[login test case!!]]>
  </system-out>
  <testcase classname="TestNGFlags.Flag3" name="method1" time="0.000"/>
  <system-out>
    <![CDATA[login test case!!]]>
  </system-out>
  <testcase classname="TestNGFlags.Flag3" name="method1" time="0.000"/>
  <system-out>
    <![CDATA[login test case!!]]>
  </system-out>
  <testcase classname="TestNGFlags.Flag3" name="method1" time="0.000"/>
  <system-out>
    <![CDATA[login test case!!]]>
  </system-out>
  <testcase classname="TestNGFlags.Flag3" name="method1" time="0.001"/>
  <system-out>
    <![CDATA[login test case!!]]>
  </system-out>
  <testcase classname="TestNGFlags.Flag3" name="method1" time="0.004"/>
  <system-out>
    <![CDATA[login test case!!]]>
  </system-out>
  <testcase classname="TestNGFlags.Flag3" name="method1" time="0.001"/>
  <system-out>
    <![CDATA[login test case!!]]>
  </system-out>
  <testcase classname="TestNGFlags.Flag3" name="method1" time="0.000"/>
  <system-out>
    <![CDATA[login test case!!]]>
  </system-out>
  <testcase classname="TestNGFlags.Flag3" name="method1" time="0.000"/>
  <system-out>
    <![CDATA[login test case!!]]>
  </system-out>
  <testcase classname="TestNGFlags.Flag3" name="method1" time="0.000"/>
  <system-out>
    <![CDATA[login test case!!]]>
  </system-out>
  <testcase classname="TestNGFlags.Flag3" name="method1" time="0.001"/>
  <system-out>
    <![CDATA[login test case!!]]>
  </system-out>
  <testcase classname="TestNGFlags.Flag3" name="method1" time="0.000"/>
  <system-out>
    <![CDATA[login test case!!]]>
  </system-out>
  <testcase classname="TestNGFlags.Flag3" name="method1" time="0.000"/>
  <system-out>
    <![CDATA[login test case!!]]>
  </system-out>
  <testcase classname="TestNGFlags.Flag3" name="method1" time="0.000"/>
  <system-out>
    <![CDATA[login test case!!]]>
  </system-out>
  <testcase classname="TestNGFlags.Flag3" name="method1" time="0.001"/>
  <system-out>
    <![CDATA[login test case!!]]>
  </system-out>
  <testcase classname="TestNGFlags.Flag3" name="method1" time="0.000"/>
  <system-out>
    <![CDATA[login test case!!]]>
  </system-out>
  <testcase classname="TestNGFlags.Flag3" name="method1" time="0.001"/>
  <system-out>
    <![CDATA[login test case!!]]>
  </system-out>
  <testcase classname="TestNGFlags.Flag3" name="method1" time="0.001"/>
  <system-out>
    <![CDATA[login test case!!]]>
  </system-out>
  <testcase classname="TestNGFlags.Flag3" name="method1" time="0.002"/>
  <system-out>
    <![CDATA[login test case!!]]>
  </system-out>
  <testcase classname="TestNGFlags.Flag3" name="method1" time="0.001"/>
  <system-out>
    <![CDATA[login test case!!]]>
  </system-out>
  <testcase classname="TestNGFlags.Flag3" name="method1" time="0.001"/>
  <system-out>
    <![CDATA[login test case!!]]>
  </system-out>
  <testcase classname="TestNGFlags.Flag3" name="method1" time="0.002"/>
  <system-out>
    <![CDATA[login test case!!]]>
  </system-out>
  <testcase classname="TestNGFlags.Flag3" name="method1" time="0.001"/>
  <system-out>
    <![CDATA[login test case!!]]>
  </system-out>
  <testcase classname="TestNGFlags.Flag3" name="method1" time="0.001"/>
  <system-out>
    <![CDATA[login test case!!]]>
  </system-out>
  <testcase classname="TestNGFlags.Flag3" name="method1" time="0.000"/>
  <system-out>
    <![CDATA[login test case!!]]>
  </system-out>
  <testcase classname="TestNGFlags.Flag3" name="method1" time="0.001"/>
  <system-out>
    <![CDATA[login test case!!]]>
  </system-out>
  <testcase classname="TestNGFlags.Flag3" name="method1" time="0.000"/>
  <system-out>
    <![CDATA[login test case!!]]>
  </system-out>
  <testcase classname="TestNGFlags.Flag3" name="method1" time="0.000"/>
  <system-out>
    <![CDATA[login test case!!]]>
  </system-out>
  <testcase classname="TestNGFlags.Flag3" name="method1" time="0.003"/>
  <system-out>
    <![CDATA[login test case!!]]>
  </system-out>
  <testcase classname="TestNGFlags.Flag3" name="method1" time="0.001"/>
  <system-out>
    <![CDATA[login test case!!]]>
  </system-out>
  <testcase classname="TestNGFlags.Flag3" name="method1" time="0.007"/>
  <system-out>
    <![CDATA[login test case!!]]>
  </system-out>
  <testcase classname="TestNGFlags.Flag3" name="method1" time="0.005"/>
  <system-out>
    <![CDATA[login test case!!]]>
  </system-out>
  <testcase classname="TestNGFlags.Flag3" name="method1" time="0.000"/>
  <system-out>
    <![CDATA[login test case!!]]>
  </system-out>
  <testcase classname="TestNGFlags.Flag3" name="method1" time="0.000"/>
  <system-out>
    <![CDATA[login test case!!]]>
  </system-out>
  <testcase classname="TestNGFlags.Flag3" name="method1" time="0.003"/>
  <system-out>
    <![CDATA[login test case!!]]>
  </system-out>
  <testcase classname="TestNGFlags.Flag3" name="method1" time="0.001"/>
  <system-out>
    <![CDATA[login test case!!]]>
  </system-out>
  <testcase classname="TestNGFlags.Flag3" name="method1" time="0.001"/>
  <system-out>
    <![CDATA[login test case!!]]>
  </system-out>
  <testcase classname="TestNGFlags.Flag3" name="method1" time="0.001"/>
  <system-out>
    <![CDATA[login test case!!]]>
  </system-out>
  <testcase classname="TestNGFlags.Flag3" name="method1" time="0.003"/>
  <system-out>
    <![CDATA[login test case!!]]>
  </system-out>
  <testcase classname="TestNGFlags.Flag3" name="method1" time="0.019"/>
  <system-out>
    <![CDATA[login test case!!]]>
  </system-out>
  <testcase classname="TestNGFlags.Flag3" name="method1" time="0.001"/>
  <system-out>
    <![CDATA[login test case!!]]>
  </system-out>
  <testcase classname="TestNGFlags.Flag3" name="method1" time="0.004"/>
  <system-out>
    <![CDATA[login test case!!]]>
  </system-out>
  <testcase classname="TestNGFlags.Flag3" name="method1" time="0.001"/>
  <system-out>
    <![CDATA[login test case!!]]>
  </system-out>
  <testcase classname="TestNGFlags.Flag3" name="method1" time="0.000"/>
  <system-out>
    <![CDATA[login test case!!]]>
  </system-out>
  <testcase classname="TestNGFlags.Flag3" name="method1" time="0.000"/>
  <system-out>
    <![CDATA[login test case!!]]>
  </system-out>
  <testcase classname="TestNGFlags.Flag3" name="method1" time="0.000"/>
  <system-out>
    <![CDATA[login test case!!]]>
  </system-out>
  <testcase classname="TestNGFlags.Flag3" name="method1" time="0.002"/>
  <system-out>
    <![CDATA[login test case!!]]>
  </system-out>
  <testcase classname="TestNGFlags.Flag3" name="method1" time="0.000"/>
  <system-out>
    <![CDATA[login test case!!]]>
  </system-out>
  <testcase classname="TestNGFlags.Flag3" name="method1" time="0.001"/>
  <system-out>
    <![CDATA[login test case!!]]>
  </system-out>
  <testcase classname="TestNGFlags.Flag3" name="method1" time="0.001"/>
  <system-out>
    <![CDATA[login test case!!]]>
  </system-out>
  <testcase classname="TestNGFlags.Flag3" name="method1" time="0.002"/>
  <system-out>
    <![CDATA[login test case!!]]>
  </system-out>
  <testcase classname="TestNGFlags.Flag3" name="method1" time="0.000"/>
  <system-out>
    <![CDATA[login test case!!]]>
  </system-out>
  <testcase classname="TestNGFlags.Flag3" name="method1" time="0.002"/>
  <system-out>
    <![CDATA[login test case!!]]>
  </system-out>
  <testcase classname="TestNGFlags.Flag3" name="method1" time="0.001"/>
  <system-out>
    <![CDATA[login test case!!]]>
  </system-out>
  <testcase classname="TestNGFlags.Flag3" name="method1" time="0.000"/>
  <system-out>
    <![CDATA[login test case!!]]>
  </system-out>
  <testcase classname="TestNGFlags.Flag3" name="method1" time="0.002"/>
  <system-out>
    <![CDATA[login test case!!]]>
  </system-out>
  <testcase classname="TestNGFlags.Flag3" name="method1" time="0.009"/>
  <system-out>
    <![CDATA[login test case!!]]>
  </system-out>
  <testcase classname="TestNGFlags.Flag3" name="method1" time="0.001"/>
  <system-out>
    <![CDATA[login test case!!]]>
  </system-out>
  <testcase classname="TestNGFlags.Flag3" name="method1" time="0.001"/>
  <system-out>
    <![CDATA[login test case!!]]>
  </system-out>
  <testcase classname="TestNGFlags.Flag3" name="method1" time="0.001"/>
  <system-out>
    <![CDATA[login test case!!]]>
  </system-out>
  <testcase classname="TestNGFlags.Flag3" name="method1" time="0.001"/>
  <system-out>
    <![CDATA[login test case!!]]>
  </system-out>
  <testcase classname="TestNGFlags.Flag3" name="method1" time="0.000"/>
  <system-out>
    <![CDATA[login test case!!]]>
  </system-out>
  <testcase classname="TestNGFlags.Flag3" name="method1" time="0.001"/>
  <system-out>
    <![CDATA[login test case!!]]>
  </system-out>
  <testcase classname="TestNGFlags.Flag3" name="method1" time="0.006"/>
  <system-out>
    <![CDATA[login test case!!]]>
  </system-out>
  <testcase classname="TestNGFlags.Flag3" name="method1" time="0.001"/>
  <system-out>
    <![CDATA[login test case!!]]>
  </system-out>
  <testcase classname="TestNGFlags.Flag3" name="method1" time="0.001"/>
  <system-out>
    <![CDATA[login test case!!]]>
  </system-out>
  <testcase classname="TestNGFlags.Flag3" name="method1" time="0.000"/>
  <system-out>
    <![CDATA[login test case!!]]>
  </system-out>
  <testcase classname="TestNGFlags.Flag3" name="method1" time="0.001"/>
  <system-out>
    <![CDATA[login test case!!]]>
  </system-out>
  <testcase classname="TestNGFlags.Flag3" name="method1" time="0.001"/>
  <system-out>
    <![CDATA[login test case!!]]>
  </system-out>
  <testcase classname="TestNGFlags.Flag3" name="method1" time="0.000"/>
  <system-out>
    <![CDATA[login test case!!]]>
  </system-out>
  <testcase classname="TestNGFlags.Flag3" name="method1" time="0.009"/>
  <system-out>
    <![CDATA[login test case!!]]>
  </system-out>
  <testcase classname="TestNGFlags.Flag3" name="method1" time="0.001"/>
  <system-out>
    <![CDATA[login test case!!]]>
  </system-out>
  <testcase classname="TestNGFlags.Flag3" name="method1" time="0.002"/>
  <system-out>
    <![CDATA[login test case!!]]>
  </system-out>
  <testcase classname="TestNGFlags.Flag3" name="method1" time="0.001"/>
  <system-out>
    <![CDATA[login test case!!]]>
  </system-out>
  <testcase classname="TestNGFlags.Flag3" name="method1" time="0.000"/>
  <system-out>
    <![CDATA[login test case!!]]>
  </system-out>
  <testcase classname="TestNGFlags.Flag3" name="method1" time="0.000"/>
  <system-out>
    <![CDATA[login test case!!]]>
  </system-out>
  <testcase classname="TestNGFlags.Flag3" name="method1" time="0.002"/>
  <system-out>
    <![CDATA[login test case!!]]>
  </system-out>
  <testcase classname="TestNGFlags.Flag3" name="method1" time="0.001"/>
  <system-out>
    <![CDATA[login test case!!]]>
  </system-out>
  <testcase classname="TestNGFlags.Flag3" name="method1" time="0.001"/>
  <system-out>
    <![CDATA[login test case!!]]>
  </system-out>
  <testcase classname="TestNGFlags.Flag3" name="method1" time="0.001"/>
  <system-out>
    <![CDATA[login test case!!]]>
  </system-out>
  <testcase classname="TestNGFlags.Flag3" name="method1" time="0.001"/>
  <system-out>
    <![CDATA[login test case!!]]>
  </system-out>
  <testcase classname="TestNGFlags.Flag3" name="method1" time="0.001"/>
  <system-out>
    <![CDATA[login test case!!]]>
  </system-out>
  <testcase classname="TestNGFlags.Flag3" name="method1" time="0.000"/>
  <system-out>
    <![CDATA[login test case!!]]>
  </system-out>
  <testcase classname="TestNGFlags.Flag3" name="method1" time="0.000"/>
  <system-out>
    <![CDATA[login test case!!]]>
  </system-out>
  <testcase classname="TestNGFlags.Flag3" name="method1" time="0.001"/>
  <system-out>
    <![CDATA[login test case!!]]>
  </system-out>
  <testcase classname="TestNGFlags.Flag3" name="method1" time="0.000"/>
  <system-out>
    <![CDATA[login test case!!]]>
  </system-out>
  <testcase classname="TestNGFlags.Flag3" name="method1" time="0.000"/>
  <system-out>
    <![CDATA[login test case!!]]>
  </system-out>
  <testcase classname="TestNGFlags.Flag3" name="method1" time="0.003"/>
  <system-out>
    <![CDATA[login test case!!]]>
  </system-out>
  <testcase classname="TestNGFlags.Flag3" name="method1" time="0.003"/>
  <system-out>
    <![CDATA[login test case!!]]>
  </system-out>
  <testcase classname="TestNGFlags.Flag3" name="method1" time="0.001"/>
  <system-out>
    <![CDATA[login test case!!]]>
  </system-out>
  <testcase classname="TestNGFlags.Flag3" name="method1" time="0.001"/>
  <system-out>
    <![CDATA[login test case!!]]>
  </system-out>
  <testcase classname="TestNGFlags.Flag3" name="method1" time="0.001"/>
  <system-out>
    <![CDATA[login test case!!]]>
  </system-out>
  <testcase classname="TestNGFlags.Flag3" name="method1" time="0.000"/>
  <system-out>
    <![CDATA[login test case!!]]>
  </system-out>
  <testcase classname="TestNGFlags.Flag3" name="method1" time="0.002"/>
  <system-out>
    <![CDATA[login test case!!]]>
  </system-out>
  <testcase classname="TestNGFlags.Flag3" name="method1" time="0.000"/>
  <system-out>
    <![CDATA[login test case!!]]>
  </system-out>
  <testcase classname="TestNGFlags.Flag3" name="method1" time="0.003"/>
  <system-out>
    <![CDATA[login test case!!]]>
  </system-out>
  <testcase classname="TestNGFlags.Flag3" name="method1" time="0.000"/>
  <system-out>
    <![CDATA[login test case!!]]>
  </system-out>
  <testcase classname="TestNGFlags.Flag3" name="method1" time="0.004"/>
  <system-out>
    <![CDATA[login test case!!]]>
  </system-out>
  <testcase classname="TestNGFlags.Flag3" name="method1" time="0.001"/>
  <system-out>
    <![CDATA[login test case!!]]>
  </system-out>
  <testcase classname="TestNGFlags.Flag3" name="method1" time="0.001"/>
  <system-out>
    <![CDATA[login test case!!]]>
  </system-out>
  <testcase classname="TestNGFlags.Flag3" name="method1" time="0.003"/>
  <system-out>
    <![CDATA[login test case!!]]>
  </system-out>
  <testcase classname="TestNGFlags.Flag3" name="method1" time="0.001"/>
  <system-out>
    <![CDATA[login test case!!]]>
  </system-out>
  <testcase classname="TestNGFlags.Flag3" name="method1" time="0.001"/>
  <system-out>
    <![CDATA[login test case!!]]>
  </system-out>
  <testcase classname="TestNGFlags.Flag3" name="method1" time="0.001"/>
  <system-out>
    <![CDATA[login test case!!]]>
  </system-out>
  <testcase classname="TestNGFlags.Flag3" name="method1" time="0.009"/>
  <system-out>
    <![CDATA[login test case!!]]>
  </system-out>
  <testcase classname="TestNGFlags.Flag3" name="method1" time="0.001"/>
  <system-out>
    <![CDATA[login test case!!]]>
  </system-out>
  <testcase classname="TestNGFlags.Flag3" name="method1" time="0.004"/>
  <system-out>
    <![CDATA[login test case!!]]>
  </system-out>
  <testcase classname="TestNGFlags.Flag3" name="method1" time="0.001"/>
  <system-out>
    <![CDATA[login test case!!]]>
  </system-out>
  <testcase classname="TestNGFlags.Flag3" name="method1" time="0.001"/>
  <system-out>
    <![CDATA[login test case!!]]>
  </system-out>
  <testcase classname="TestNGFlags.Flag3" name="method1" time="0.001"/>
  <system-out>
    <![CDATA[login test case!!]]>
  </system-out>
  <testcase classname="TestNGFlags.Flag3" name="method1" time="0.001"/>
  <system-out>
    <![CDATA[login test case!!]]>
  </system-out>
  <testcase classname="TestNGFlags.Flag3" name="method1" time="0.002"/>
  <system-out>
    <![CDATA[login test case!!]]>
  </system-out>
  <testcase classname="TestNGFlags.Flag3" name="method1" time="0.001"/>
  <system-out>
    <![CDATA[login test case!!]]>
  </system-out>
  <testcase classname="TestNGFlags.Flag3" name="method1" time="0.001"/>
  <system-out>
    <![CDATA[login test case!!]]>
  </system-out>
  <testcase classname="TestNGFlags.Flag3" name="method1" time="0.001"/>
  <system-out>
    <![CDATA[login test case!!]]>
  </system-out>
  <testcase classname="TestNGFlags.Flag3" name="method1" time="0.001"/>
  <system-out>
    <![CDATA[login test case!!]]>
  </system-out>
  <testcase classname="TestNGFlags.Flag3" name="method1" time="0.001"/>
  <system-out>
    <![CDATA[login test case!!]]>
  </system-out>
  <testcase classname="TestNGFlags.Flag3" name="method1" time="0.001"/>
  <system-out>
    <![CDATA[login test case!!]]>
  </system-out>
  <testcase classname="TestNGFlags.Flag3" name="method1" time="0.001"/>
  <system-out>
    <![CDATA[login test case!!]]>
  </system-out>
  <testcase classname="TestNGFlags.Flag3" name="method1" time="0.001"/>
  <system-out>
    <![CDATA[login test case!!]]>
  </system-out>
  <testcase classname="TestNGFlags.Flag3" name="method1" time="0.001"/>
  <system-out>
    <![CDATA[login test case!!]]>
  </system-out>
  <testcase classname="TestNGFlags.Flag3" name="method1" time="0.004"/>
  <system-out>
    <![CDATA[login test case!!]]>
  </system-out>
  <testcase classname="TestNGFlags.Flag3" name="method1" time="0.001"/>
  <system-out>
    <![CDATA[login test case!!]]>
  </system-out>
  <testcase classname="TestNGFlags.Flag3" name="method1" time="0.002"/>
  <system-out>
    <![CDATA[login test case!!]]>
  </system-out>
  <testcase classname="TestNGFlags.Flag3" name="method1" time="0.000"/>
  <system-out>
    <![CDATA[login test case!!]]>
  </system-out>
  <testcase classname="TestNGFlags.Flag3" name="method1" time="0.001"/>
  <system-out>
    <![CDATA[login test case!!]]>
  </system-out>
  <testcase classname="TestNGFlags.Flag3" name="method1" time="0.003"/>
  <system-out>
    <![CDATA[login test case!!]]>
  </system-out>
  <testcase classname="TestNGFlags.Flag3" name="method1" time="0.000"/>
  <system-out>
    <![CDATA[login test case!!]]>
  </system-out>
  <testcase classname="TestNGFlags.Flag3" name="method1" time="0.001"/>
  <system-out>
    <![CDATA[login test case!!]]>
  </system-out>
  <testcase classname="TestNGFlags.Flag3" name="method1" time="0.001"/>
  <system-out>
    <![CDATA[login test case!!]]>
  </system-out>
  <testcase classname="TestNGFlags.Flag3" name="method1" time="0.001"/>
  <system-out>
    <![CDATA[login test case!!]]>
  </system-out>
  <testcase classname="TestNGFlags.Flag3" name="method1" time="0.001"/>
  <system-out>
    <![CDATA[login test case!!]]>
  </system-out>
  <testcase classname="TestNGFlags.Flag3" name="method1" time="0.000"/>
  <system-out>
    <![CDATA[login test case!!]]>
  </system-out>
  <testcase classname="TestNGFlags.Flag3" name="method1" time="0.002"/>
  <system-out>
    <![CDATA[login test case!!]]>
  </system-out>
  <testcase classname="TestNGFlags.Flag3" name="method1" time="0.002"/>
  <system-out>
    <![CDATA[login test case!!]]>
  </system-out>
  <testcase classname="TestNGFlags.Flag3" name="method1" time="0.001"/>
  <system-out>
    <![CDATA[login test case!!]]>
  </system-out>
  <testcase classname="TestNGFlags.Flag3" name="method1" time="0.000"/>
  <system-out>
    <![CDATA[login test case!!]]>
  </system-out>
  <testcase classname="TestNGFlags.Flag3" name="method1" time="0.001"/>
  <system-out>
    <![CDATA[login test case!!]]>
  </system-out>
  <testcase classname="TestNGFlags.Flag3" name="method1" time="0.000"/>
  <system-out>
    <![CDATA[login test case!!]]>
  </system-out>
  <testcase classname="TestNGFlags.Flag3" name="method1" time="0.003"/>
  <system-out>
    <![CDATA[login test case!!]]>
  </system-out>
  <testcase classname="TestNGFlags.Flag3" name="method1" time="0.002"/>
  <system-out>
    <![CDATA[login test case!!]]>
  </system-out>
  <testcase classname="TestNGFlags.Flag3" name="method1" time="0.001"/>
  <system-out>
    <![CDATA[login test case!!]]>
  </system-out>
  <testcase classname="TestNGFlags.Flag3" name="method1" time="0.000"/>
  <system-out>
    <![CDATA[login test case!!]]>
  </system-out>
  <testcase classname="TestNGFlags.Flag3" name="method1" time="0.000"/>
  <system-out>
    <![CDATA[login test case!!]]>
  </system-out>
  <testcase classname="TestNGFlags.Flag3" name="method1" time="0.001"/>
  <system-out>
    <![CDATA[login test case!!]]>
  </system-out>
  <testcase classname="TestNGFlags.Flag3" name="method1" time="0.001"/>
  <system-out>
    <![CDATA[login test case!!]]>
  </system-out>
  <testcase classname="TestNGFlags.Flag3" name="method1" time="0.001"/>
  <system-out>
    <![CDATA[login test case!!]]>
  </system-out>
  <testcase classname="TestNGFlags.Flag3" name="method1" time="0.001"/>
  <system-out>
    <![CDATA[login test case!!]]>
  </system-out>
  <testcase classname="TestNGFlags.Flag3" name="method1" time="0.002"/>
  <system-out>
    <![CDATA[login test case!!]]>
  </system-out>
  <testcase classname="TestNGFlags.Flag3" name="method1" time="0.002"/>
  <system-out>
    <![CDATA[login test case!!]]>
  </system-out>
  <testcase classname="TestNGFlags.Flag3" name="method1" time="0.000"/>
  <system-out>
    <![CDATA[login test case!!]]>
  </system-out>
  <testcase classname="TestNGFlags.Flag3" name="method1" time="0.001"/>
  <system-out>
    <![CDATA[login test case!!]]>
  </system-out>
  <testcase classname="TestNGFlags.Flag3" name="method1" time="0.001"/>
  <system-out>
    <![CDATA[login test case!!]]>
  </system-out>
  <testcase classname="TestNGFlags.Flag3" name="method1" time="0.001"/>
  <system-out>
    <![CDATA[login test case!!]]>
  </system-out>
  <testcase classname="TestNGFlags.Flag3" name="method1" time="0.001"/>
  <system-out>
    <![CDATA[login test case!!]]>
  </system-out>
  <testcase classname="TestNGFlags.Flag3" name="method1" time="0.002"/>
  <system-out>
    <![CDATA[login test case!!]]>
  </system-out>
  <testcase classname="TestNGFlags.Flag3" name="method1" time="0.006"/>
  <system-out>
    <![CDATA[login test case!!]]>
  </system-out>
  <testcase classname="TestNGFlags.Flag3" name="method1" time="0.002"/>
  <system-out>
    <![CDATA[login test case!!]]>
  </system-out>
  <testcase classname="TestNGFlags.Flag3" name="method1" time="0.001"/>
  <system-out>
    <![CDATA[login test case!!]]>
  </system-out>
  <testcase classname="TestNGFlags.Flag3" name="method1" time="0.007"/>
  <system-out>
    <![CDATA[login test case!!]]>
  </system-out>
  <testcase classname="TestNGFlags.Flag3" name="method1" time="0.001"/>
  <system-out>
    <![CDATA[login test case!!]]>
  </system-out>
  <testcase classname="TestNGFlags.Flag3" name="method1" time="0.000"/>
  <system-out>
    <![CDATA[login test case!!]]>
  </system-out>
  <testcase classname="TestNGFlags.Flag3" name="method1" time="0.000"/>
  <system-out>
    <![CDATA[login test case!!]]>
  </system-out>
  <testcase classname="TestNGFlags.Flag3" name="method1" time="0.001"/>
  <system-out>
    <![CDATA[login test case!!]]>
  </system-out>
  <testcase classname="TestNGFlags.Flag3" name="method1" time="0.007"/>
  <system-out>
    <![CDATA[login test case!!]]>
  </system-out>
  <testcase classname="TestNGFlags.Flag3" name="method1" time="0.001"/>
  <system-out>
    <![CDATA[login test case!!]]>
  </system-out>
  <testcase classname="TestNGFlags.Flag3" name="method1" time="0.001"/>
  <system-out>
    <![CDATA[login test case!!]]>
  </system-out>
  <testcase classname="TestNGFlags.Flag3" name="method1" time="0.000"/>
  <system-out>
    <![CDATA[login test case!!]]>
  </system-out>
  <testcase classname="TestNGFlags.Flag3" name="method1" time="0.002"/>
  <system-out>
    <![CDATA[login test case!!]]>
  </system-out>
  <testcase classname="TestNGFlags.Flag3" name="method1" time="0.000"/>
  <system-out>
    <![CDATA[login test case!!]]>
  </system-out>
  <testcase classname="TestNGFlags.Flag3" name="method1" time="0.001"/>
  <system-out>
    <![CDATA[login test case!!]]>
  </system-out>
  <testcase classname="TestNGFlags.Flag3" name="method1" time="0.001"/>
  <system-out>
    <![CDATA[login test case!!]]>
  </system-out>
  <testcase classname="TestNGFlags.Flag3" name="method1" time="0.000"/>
  <system-out>
    <![CDATA[login test case!!]]>
  </system-out>
  <testcase classname="TestNGFlags.Flag3" name="method1" time="0.001"/>
  <system-out>
    <![CDATA[login test case!!]]>
  </system-out>
  <testcase classname="TestNGFlags.Flag3" name="method1" time="0.001"/>
  <system-out>
    <![CDATA[login test case!!]]>
  </system-out>
  <testcase classname="TestNGFlags.Flag3" name="method1" time="0.001"/>
  <system-out>
    <![CDATA[login test case!!]]>
  </system-out>
  <testcase classname="TestNGFlags.Flag3" name="method1" time="0.000"/>
  <system-out>
    <![CDATA[login test case!!]]>
  </system-out>
  <testcase classname="TestNGFlags.Flag3" name="method1" time="0.001"/>
  <system-out>
    <![CDATA[login test case!!]]>
  </system-out>
  <testcase classname="TestNGFlags.Flag3" name="method1" time="0.001"/>
  <system-out>
    <![CDATA[login test case!!]]>
  </system-out>
  <testcase classname="TestNGFlags.Flag3" name="method1" time="0.000"/>
  <system-out>
    <![CDATA[login test case!!]]>
  </system-out>
  <testcase classname="TestNGFlags.Flag3" name="method1" time="0.001"/>
  <system-out>
    <![CDATA[login test case!!]]>
  </system-out>
  <testcase classname="TestNGFlags.Flag3" name="method1" time="0.001"/>
  <system-out>
    <![CDATA[login test case!!]]>
  </system-out>
  <testcase classname="TestNGFlags.Flag3" name="method1" time="0.004"/>
  <system-out>
    <![CDATA[login test case!!]]>
  </system-out>
  <testcase classname="TestNGFlags.Flag3" name="method1" time="0.002"/>
  <system-out>
    <![CDATA[login test case!!]]>
  </system-out>
  <testcase classname="TestNGFlags.Flag3" name="method1" time="0.011"/>
  <system-out>
    <![CDATA[login test case!!]]>
  </system-out>
  <testcase classname="TestNGFlags.Flag3" name="method1" time="0.002"/>
  <system-out>
    <![CDATA[login test case!!]]>
  </system-out>
  <testcase classname="TestNGFlags.Flag3" name="method1" time="0.001"/>
  <system-out>
    <![CDATA[login test case!!]]>
  </system-out>
  <testcase classname="TestNGFlags.Flag3" name="method1" time="0.001"/>
  <system-out>
    <![CDATA[login test case!!]]>
  </system-out>
  <testcase classname="TestNGFlags.Flag3" name="method1" time="0.000"/>
  <system-out>
    <![CDATA[login test case!!]]>
  </system-out>
  <testcase classname="TestNGFlags.Flag3" name="method1" time="0.000"/>
  <system-out>
    <![CDATA[login test case!!]]>
  </system-out>
  <testcase classname="TestNGFlags.Flag3" name="method1" time="0.001"/>
  <system-out>
    <![CDATA[login test case!!]]>
  </system-out>
  <testcase classname="TestNGFlags.Flag3" name="method1" time="0.001"/>
  <system-out>
    <![CDATA[login test case!!]]>
  </system-out>
  <testcase classname="TestNGFlags.Flag3" name="method1" time="0.004"/>
  <system-out>
    <![CDATA[login test case!!]]>
  </system-out>
  <testcase classname="TestNGFlags.Flag3" name="method1" time="0.002"/>
  <system-out>
    <![CDATA[login test case!!]]>
  </system-out>
  <testcase classname="TestNGFlags.Flag3" name="method1" time="0.001"/>
  <system-out>
    <![CDATA[login test case!!]]>
  </system-out>
  <testcase classname="TestNGFlags.Flag3" name="method1" time="0.004"/>
  <system-out>
    <![CDATA[login test case!!]]>
  </system-out>
  <testcase classname="TestNGFlags.Flag3" name="method1" time="0.000"/>
  <system-out>
    <![CDATA[login test case!!]]>
  </system-out>
  <testcase classname="TestNGFlags.Flag3" name="method1" time="0.000"/>
  <system-out>
    <![CDATA[login test case!!]]>
  </system-out>
  <testcase classname="TestNGFlags.Flag3" name="method1" time="0.002"/>
  <system-out>
    <![CDATA[login test case!!]]>
  </system-out>
  <testcase classname="TestNGFlags.Flag3" name="method1" time="0.001"/>
  <system-out>
    <![CDATA[login test case!!]]>
  </system-out>
  <testcase classname="TestNGFlags.Flag3" name="method1" time="0.001"/>
  <system-out>
    <![CDATA[login test case!!]]>
  </system-out>
  <testcase classname="TestNGFlags.Flag3" name="method1" time="0.000"/>
  <system-out>
    <![CDATA[login test case!!]]>
  </system-out>
  <testcase classname="TestNGFlags.Flag3" name="method1" time="0.001"/>
  <system-out>
    <![CDATA[login test case!!]]>
  </system-out>
  <testcase classname="TestNGFlags.Flag3" name="method1" time="0.002"/>
  <system-out>
    <![CDATA[login test case!!]]>
  </system-out>
  <testcase classname="TestNGFlags.Flag3" name="method1" time="0.018"/>
  <system-out>
    <![CDATA[login test case!!]]>
  </system-out>
  <testcase classname="TestNGFlags.Flag3" name="method1" time="0.001"/>
  <system-out>
    <![CDATA[login test case!!]]>
  </system-out>
  <testcase classname="TestNGFlags.Flag3" name="method1" time="0.006"/>
  <system-out>
    <![CDATA[login test case!!]]>
  </system-out>
  <testcase classname="TestNGFlags.Flag3" name="method1" time="0.002"/>
  <system-out>
    <![CDATA[login test case!!]]>
  </system-out>
  <testcase classname="TestNGFlags.Flag3" name="method1" time="0.001"/>
  <system-out>
    <![CDATA[login test case!!]]>
  </system-out>
  <testcase classname="TestNGFlags.Flag3" name="method1" time="0.000"/>
  <system-out>
    <![CDATA[login test case!!]]>
  </system-out>
  <testcase classname="TestNGFlags.Flag3" name="method1" time="0.001"/>
  <system-out>
    <![CDATA[login test case!!]]>
  </system-out>
  <testcase classname="TestNGFlags.Flag3" name="method1" time="0.003"/>
  <system-out>
    <![CDATA[login test case!!]]>
  </system-out>
  <testcase classname="TestNGFlags.Flag3" name="method1" time="0.000"/>
  <system-out>
    <![CDATA[login test case!!]]>
  </system-out>
  <testcase classname="TestNGFlags.Flag3" name="method1" time="0.003"/>
  <system-out>
    <![CDATA[login test case!!]]>
  </system-out>
  <testcase classname="TestNGFlags.Flag3" name="method1" time="0.003"/>
  <system-out>
    <![CDATA[login test case!!]]>
  </system-out>
  <testcase classname="TestNGFlags.Flag3" name="method1" time="0.001"/>
  <system-out>
    <![CDATA[login test case!!]]>
  </system-out>
  <testcase classname="TestNGFlags.Flag3" name="method1" time="0.008"/>
  <system-out>
    <![CDATA[login test case!!]]>
  </system-out>
  <testcase classname="TestNGFlags.Flag3" name="method1" time="0.001"/>
  <system-out>
    <![CDATA[login test case!!]]>
  </system-out>
  <testcase classname="TestNGFlags.Flag3" name="method1" time="0.001"/>
  <system-out>
    <![CDATA[login test case!!]]>
  </system-out>
  <testcase classname="TestNGFlags.Flag3" name="method1" time="0.001"/>
  <system-out>
    <![CDATA[login test case!!]]>
  </system-out>
  <testcase classname="TestNGFlags.Flag3" name="method1" time="0.002"/>
  <system-out>
    <![CDATA[login test case!!]]>
  </system-out>
  <testcase classname="TestNGFlags.Flag3" name="method1" time="0.001"/>
  <system-out>
    <![CDATA[login test case!!]]>
  </system-out>
  <testcase classname="TestNGFlags.Flag3" name="method1" time="0.000"/>
  <system-out>
    <![CDATA[login test case!!]]>
  </system-out>
[...]
  <system-out>
    <![CDATA[login test case!!]]>
  </system-out>
  <testcase classname="TestNGFlags.Flag3" name="method1" time="0.001"/>
  <system-out>
    <![CDATA[login test case!!]]>
  </system-out>
  <testcase classname="TestNGFlags.Flag3" name="method1" time="0.001"/>
  <system-out>
    <![CDATA[login test case!!]]>
  </system-out>
  <testcase classname="TestNGFlags.Flag3" name="method1" time="0.000"/>
  <system-out>
    <![CDATA[login test case!!]]>
  </system-out>
  <testcase classname="TestNGFlags.Flag3" name="method1" time="0.001"/>
  <system-out>
    <![CDATA[login test case!!]]>
  </system-out>
  <testcase classname="TestNGFlags.Flag3" name="method1" time="0.001"/>
  <system-out>
    <![CDATA[login test case!!]]>
  </system-out>
  <testcase classname="TestNGFlags.Flag3" name="method1" time="0.001"/>
  <system-out>
    <![CDATA[login test case!!]]>
  </system-out>
  <testcase classname="TestNGFlags.Flag3" name="method1" time="0.001"/>
  <system-out>
    <![CDATA[login test case!!]]>
  </system-out>
  <testcase classname="TestNGFlags.Flag3" name="method1" time="0.002"/>
  <system-out>
    <![CDATA[login test case!!]]>
  </system-out>
  <testcase classname="TestNGFlags.Flag3" name="method1" time="0.001"/>
  <system-out>
    <![CDATA[login test case!!]]>
  </system-out>
  <testcase classname="TestNGFlags.Flag3" name="method1" time="0.004"/>
  <system-out>
    <![CDATA[login test case!!]]>
  </system-out>
  <testcase classname="TestNGFlags.Flag3" name="method1" time="0.004"/>
  <system-out>
    <![CDATA[login test case!!]]>
  </system-out>
  <testcase classname="TestNGFlags.Flag3" name="method1" time="0.001"/>
  <system-out>
    <![CDATA[login test case!!]]>
  </system-out>
  <testcase classname="TestNGFlags.Flag3" name="method1" time="0.001"/>
  <system-out>
    <![CDATA[login test case!!]]>
  </system-out>
  <testcase classname="TestNGFlags.Flag3" name="method1" time="0.001"/>
  <system-out>
    <![CDATA[login test case!!]]>
  </system-out>
  <testcase classname="TestNGFlags.Flag3" name="method1" time="0.001"/>
  <system-out>
    <![CDATA[login test case!!]]>
  </system-out>
  <testcase classname="TestNGFlags.Flag3" name="method1" time="0.001"/>
  <system-out>
    <![CDATA[login test case!!]]>
  </system-out>
  <testcase classname="TestNGFlags.Flag3" name="method1" time="0.001"/>
  <system-out>
    <![CDATA[login test case!!]]>
  </system-out>
  <testcase classname="TestNGFlags.Flag3" name="method1" time="0.001"/>
  <system-out>
    <![CDATA[login test case!!]]>
  </system-out>
  <testcase classname="TestNGFlags.Flag3" name="method1" time="0.001"/>
  <system-out>
    <![CDATA[login test case!!]]>
  </system-out>
  <testcase classname="TestNGFlags.Flag3" name="method1" time="0.002"/>
  <system-out>
    <![CDATA[login test case!!]]>
  </system-out>
  <testcase classname="TestNGFlags.Flag3" name="method1" time="0.001"/>
  <system-out>
    <![CDATA[login test case!!]]>
  </system-out>
  <testcase classname="TestNGFlags.Flag3" name="method1" time="0.001"/>
  <system-out>
    <![CDATA[login test case!!]]>
  </system-out>
  <testcase classname="TestNGFlags.Flag3" name="method1" time="0.001"/>
  <system-out>
    <![CDATA[login test case!!]]>
  </system-out>
  <testcase classname="TestNGFlags.Flag3" name="method1" time="0.002"/>
  <system-out>
    <![CDATA[login test case!!]]>
  </system-out>
  <testcase classname="TestNGFlags.Flag3" name="method1" time="0.000"/>
  <system-out>
    <![CDATA[login test case!!]]>
  </system-out>
  <testcase classname="TestNGFlags.Flag3" name="method1" time="0.003"/>
  <system-out>
    <![CDATA[login test case!!]]>
  </system-out>
  <testcase classname="TestNGFlags.Flag3" name="method1" time="0.000"/>
  <system-out>
    <![CDATA[login test case!!]]>
  </system-out>
  <testcase classname="TestNGFlags.Flag3" name="method1" time="0.001"/>
  <system-out>
    <![CDATA[login test case!!]]>
  </system-out>
  <testcase classname="TestNGFlags.Flag3" name="method1" time="0.001"/>
  <system-out>
    <![CDATA[login test case!!]]>
  </system-out>
  <testcase classname="TestNGFlags.Flag3" name="method1" time="0.000"/>
  <system-out>
    <![CDATA[login test case!!]]>
  </system-out>
  <testcase classname="TestNGFlags.Flag3" name="method1" time="0.001"/>
  <system-out>
    <![CDATA[login test case!!]]>
  </system-out>
  <testcase classname="TestNGFlags.Flag3" name="method1" time="0.001"/>
  <system-out>
    <![CDATA[login test case!!]]>
  </system-out>
  <testcase classname="TestNGFlags.Flag3" name="method1" time="0.000"/>
  <system-out>
    <![CDATA[login test case!!]]>
  </system-out>
  <testcase classname="TestNGFlags.Flag3" name="method1" time="0.000"/>
  <system-out>
    <![CDATA[login test case!!]]>
  </system-out>
  <testcase classname="TestNGFlags.Flag3" name="method1" time="0.003"/>
  <system-out>
    <![CDATA[login test case!!]]>
  </system-out>
  <testcase classname="TestNGFlags.Flag3" name="method1" time="0.001"/>
  <system-out>
    <![CDATA[login test case!!]]>
  </system-out>
  <testcase classname="TestNGFlags.Flag3" name="method1" time="0.001"/>
  <system-out>
    <![CDATA[login test case!!]]>
  </system-out>
  <testcase classname="TestNGFlags.Flag3" name="method1" time="0.001"/>
  <system-out>
    <![CDATA[login test case!!]]>
  </system-out>
  <testcase classname="TestNGFlags.Flag3" name="method1" time="0.000"/>
  <system-out>
    <![CDATA[login test case!!]]>
  </system-out>
  <testcase classname="TestNGFlags.Flag3" name="method1" time="0.002"/>
  <system-out>
    <![CDATA[login test case!!]]>
  </system-out>
  <testcase classname="TestNGFlags.Flag3" name="method1" time="0.001"/>
  <system-out>
    <![CDATA[login test case!!]]>
  </system-out>
  <testcase classname="TestNGFlags.Flag3" name="method1" time="0.001"/>
  <system-out>
    <![CDATA[login test case!!]]>
  </system-out>
  <testcase classname="TestNGFlags.Flag3" name="method1" time="0.001"/>
  <system-out>
    <![CDATA[login test case!!]]>
  </system-out>
  <testcase classname="TestNGFlags.Flag3" name="method1" time="0.001"/>
  <system-out>
    <![CDATA[login test case!!]]>
  </system-out>
  <testcase classname="TestNGFlags.Flag3" name="method1" time="0.000"/>
  <system-out>
    <![CDATA[login test case!!]]>
  </system-out>
  <testcase classname="TestNGFlags.Flag3" name="method1" time="0.001"/>
  <system-out>
    <![CDATA[login test case!!]]>
  </system-out>
  <testcase classname="TestNGFlags.Flag3" name="method1" time="0.000"/>
  <system-out>
    <![CDATA[login test case!!]]>
  </system-out>
  <testcase classname="TestNGFlags.Flag3" name="method1" time="0.003"/>
  <system-out>
    <![CDATA[login test case!!]]>
  </system-out>
  <testcase classname="TestNGFlags.Flag3" name="method1" time="0.000"/>
  <system-out>
    <![CDATA[login test case!!]]>
  </system-out>
  <testcase classname="TestNGFlags.Flag3" name="method1" time="0.001"/>
  <system-out>
    <![CDATA[login test case!!]]>
  </system-out>
  <testcase classname="TestNGFlags.Flag3" name="method1" time="0.000"/>
  <system-out>
    <![CDATA[login test case!!]]>
  </system-out>
  <testcase classname="TestNGFlags.Flag3" name="method1" time="0.002"/>
  <system-out>
    <![CDATA[login test case!!]]>
  </system-out>
  <testcase classname="TestNGFlags.Flag3" name="method1" time="0.000"/>
  <system-out>
    <![CDATA[login test case!!]]>
  </system-out>
  <testcase classname="TestNGFlags.Flag3" name="method1" time="0.001"/>
  <system-out>
    <![CDATA[login test case!!]]>
  </system-out>
  <testcase classname="TestNGFlags.Flag3" name="method1" time="0.001"/>
  <system-out>
    <![CDATA[login test case!!]]>
  </system-out>
  <testcase classname="TestNGFlags.Flag3" name="method1" time="0.001"/>
  <system-out>
    <![CDATA[login test case!!]]>
  </system-out>
  <testcase classname="TestNGFlags.Flag3" name="method1" time="0.001"/>
  <system-out>
    <![CDATA[login test case!!]]>
  </system-out>
  <testcase classname="TestNGFlags.Flag3" name="method1" time="0.000"/>
  <system-out>
    <![CDATA[login test case!!]]>
  </system-out>
  <testcase classname="TestNGFlags.Flag3" name="method1" time="0.001"/>
  <system-out>
    <![CDATA[login test case!!]]>
  </system-out>
  <testcase classname="TestNGFlags.Flag3" name="method1" time="0.009"/>
  <system-out>
    <![CDATA[login test case!!]]>
  </system-out>
  <testcase classname="TestNGFlags.Flag3" name="method1" time="0.000"/>
  <system-out>
    <![CDATA[login test case!!]]>
  </system-out>
  <testcase classname="TestNGFlags.Flag3" name="method1" time="0.025"/>
  <system-out>
    <![CDATA[login test case!!]]>
  </system-out>
  <testcase classname="TestNGFlags.Flag3" name="method1" time="0.000"/>
  <system-out>
    <![CDATA[login test case!!]]>
  </system-out>
  <testcase classname="TestNGFlags.Flag3" name="method1" time="0.008"/>
  <system-out>
    <![CDATA[login test case!!]]>
  </system-out>
  <testcase classname="TestNGFlags.Flag3" name="method1" time="0.001"/>
  <system-out>
    <![CDATA[login test case!!]]>
  </system-out>
  <testcase classname="TestNGFlags.Flag3" name="method1" time="0.001"/>
  <system-out>
    <![CDATA[login test case!!]]>
  </system-out>
  <testcase classname="TestNGFlags.Flag3" name="method1" time="0.001"/>
  <system-out>
    <![CDATA[login test case!!]]>
  </system-out>
  <testcase classname="TestNGFlags.Flag3" name="method1" time="0.001"/>
  <system-out>
    <![CDATA[login test case!!]]>
  </system-out>
  <testcase classname="TestNGFlags.Flag3" name="method1" time="0.001"/>
  <system-out>
    <![CDATA[login test case!!]]>
  </system-out>
  <testcase classname="TestNGFlags.Flag3" name="method1" time="0.001"/>
  <system-out>
    <![CDATA[login test case!!]]>
  </system-out>
  <testcase classname="TestNGFlags.Flag3" name="method1" time="0.000"/>
  <system-out>
    <![CDATA[login test case!!]]>
  </system-out>
  <testcase classname="TestNGFlags.Flag3" name="method1" time="0.000"/>
  <system-out>
    <![CDATA[login test case!!]]>
  </system-out>
  <testcase classname="TestNGFlags.Flag3" name="method1" time="0.001"/>
  <system-out>
    <![CDATA[login test case!!]]>
  </system-out>
  <testcase classname="TestNGFlags.Flag3" name="method1" time="0.000"/>
  <system-out>
    <![CDATA[login test case!!]]>
  </system-out>
  <testcase classname="TestNGFlags.Flag3" name="method1" time="0.001"/>
  <system-out>
    <![CDATA[login test case!!]]>
  </system-out>
  <testcase classname="TestNGFlags.Flag3" name="method1" time="0.004"/>
  <system-out>
    <![CDATA[login test case!!]]>
  </system-out>
  <testcase classname="TestNGFlags.Flag3" name="method1" time="0.001"/>
  <system-out>
    <![CDATA[login test case!!]]>
  </system-out>
  <testcase classname="TestNGFlags.Flag3" name="method1" time="0.004"/>
  <system-out>
    <![CDATA[login test case!!]]>
  </system-out>
  <testcase classname="TestNGFlags.Flag3" name="method1" time="0.001"/>
  <system-out>
    <![CDATA[login test case!!]]>
  </system-out>
  <testcase classname="TestNGFlags.Flag3" name="method1" time="0.001"/>
  <system-out>
    <![CDATA[login test case!!]]>
  </system-out>
  <testcase classname="TestNGFlags.Flag3" name="method1" time="0.001"/>
  <system-out>
    <![CDATA[login test case!!]]>
  </system-out>
  <testcase classname="TestNGFlags.Flag3" name="method1" time="0.002"/>
  <system-out>
    <![CDATA[login test case!!]]>
  </system-out>
  <testcase classname="TestNGFlags.Flag3" name="method1" time="0.001"/>
  <system-out>
    <![CDATA[login test case!!]]>
  </system-out>
  <testcase classname="TestNGFlags.Flag3" name="method1" time="0.002"/>
  <system-out>
    <![CDATA[login test case!!]]>
  </system-out>
  <testcase classname="TestNGFlags.Flag3" name="method1" time="0.001"/>
  <system-out>
    <![CDATA[login test case!!]]>
  </system-out>
  <testcase classname="TestNGFlags.Flag3" name="method1" time="0.004"/>
  <system-out>
    <![CDATA[login test case!!]]>
  </system-out>
  <testcase classname="TestNGFlags.Flag3" name="method1" time="0.001"/>
  <system-out>
    <![CDATA[login test case!!]]>
  </system-out>
  <testcase classname="TestNGFlags.Flag3" name="method1" time="0.001"/>
  <system-out>
    <![CDATA[login test case!!]]>
  </system-out>
  <testcase classname="TestNGFlags.Flag3" name="method1" time="0.001"/>
  <system-out>
    <![CDATA[login test case!!]]>
  </system-out>
  <testcase classname="TestNGFlags.Flag3" name="method1" time="0.001"/>
  <system-out>
    <![CDATA[login test case!!]]>
  </system-out>
  <testcase classname="TestNGFlags.Flag3" name="method1" time="0.000"/>
  <system-out>
    <![CDATA[login test case!!]]>
  </system-out>
  <testcase classname="TestNGFlags.Flag3" name="method1" time="0.004"/>
  <system-out>
    <![CDATA[login test case!!]]>
  </system-out>
  <testcase classname="TestNGFlags.Flag3" name="method1" time="0.001"/>
  <system-out>
    <![CDATA[login test case!!]]>
  </system-out>
  <testcase classname="TestNGFlags.Flag3" name="method1" time="0.001"/>
  <system-out>
    <![CDATA[login test case!!]]>
  </system-out>
  <testcase classname="TestNGFlags.Flag3" name="method1" time="0.002"/>
  <system-out>
    <![CDATA[login test case!!]]>
  </system-out>
  <testcase classname="TestNGFlags.Flag3" name="method1" time="0.002"/>
  <system-out>
    <![CDATA[login test case!!]]>
  </system-out>
  <testcase classname="TestNGFlags.Flag3" name="method1" time="0.000"/>
  <system-out>
    <![CDATA[login test case!!]]>
  </system-out>
  <testcase classname="TestNGFlags.Flag3" name="method1" time="0.003"/>
  <system-out>
    <![CDATA[login test case!!]]>
  </system-out>
  <testcase classname="TestNGFlags.Flag3" name="method1" time="0.001"/>
  <system-out>
    <![CDATA[login test case!!]]>
  </system-out>
  <testcase classname="TestNGFlags.Flag3" name="method1" time="0.000"/>
  <system-out>
    <![CDATA[login test case!!]]>
  </system-out>
  <testcase classname="TestNGFlags.Flag3" name="method1" time="0.000"/>
  <system-out>
    <![CDATA[login test case!!]]>
  </system-out>
  <testcase classname="TestNGFlags.Flag3" name="method1" time="0.003"/>
  <system-out>
    <![CDATA[login test case!!]]>
  </system-out>
  <testcase classname="TestNGFlags.Flag3" name="method1" time="0.001"/>
  <system-out>
    <![CDATA[login test case!!]]>
  </system-out>
  <testcase classname="TestNGFlags.Flag3" name="method1" time="0.002"/>
  <system-out>
    <![CDATA[login test case!!]]>
  </system-out>
  <testcase classname="TestNGFlags.Flag3" name="method1" time="0.001"/>
  <system-out>
    <![CDATA[login test case!!]]>
  </system-out>
  <testcase classname="TestNGFlags.Flag3" name="method1" time="0.001"/>
  <system-out>
    <![CDATA[login test case!!]]>
  </system-out>
  <testcase classname="TestNGFlags.Flag3" name="method1" time="0.005"/>
  <system-out>
    <![CDATA[login test case!!]]>
  </system-out>
  <testcase classname="TestNGFlags.Flag3" name="method1" time="0.002"/>
  <system-out>
    <![CDATA[login test case!!]]>
  </system-out>
  <testcase classname="TestNGFlags.Flag3" name="method1" time="0.001"/>
  <system-out>
    <![CDATA[login test case!!]]>
  </system-out>
  <testcase classname="TestNGFlags.Flag3" name="method1" time="0.001"/>
  <system-out>
    <![CDATA[login test case!!]]>
  </system-out>
  <testcase classname="TestNGFlags.Flag3" name="method1" time="0.001"/>
  <system-out>
    <![CDATA[login test case!!]]>
  </system-out>
  <testcase classname="TestNGFlags.Flag3" name="method1" time="0.003"/>
  <system-out>
    <![CDATA[login test case!!]]>
  </system-out>
  <testcase classname="TestNGFlags.Flag3" name="method1" time="0.001"/>
  <system-out>
    <![CDATA[login test case!!]]>
  </system-out>
  <testcase classname="TestNGFlags.Flag3" name="method1" time="0.000"/>
  <system-out>
    <![CDATA[login test case!!]]>
  </system-out>
  <testcase classname="TestNGFlags.Flag3" name="method1" time="0.003"/>
  <system-out>
    <![CDATA[login test case!!]]>
  </system-out>
  <testcase classname="TestNGFlags.Flag3" name="method1" time="0.001"/>
  <system-out>
    <![CDATA[login test case!!]]>
  </system-out>
  <testcase classname="TestNGFlags.Flag3" name="method1" time="0.002"/>
  <system-out>
    <![CDATA[login test case!!]]>
  </system-out>
  <testcase classname="TestNGFlags.Flag3" name="method1" time="0.001"/>
  <system-out>
    <![CDATA[login test case!!]]>
  </system-out>
  <testcase classname="TestNGFlags.Flag3" name="method1" time="0.001"/>
  <system-out>
    <![CDATA[login test case!!]]>
  </system-out>
  <testcase classname="TestNGFlags.Flag3" name="method1" time="0.001"/>
  <system-out>
    <![CDATA[login test case!!]]>
  </system-out>
  <testcase classname="TestNGFlags.Flag3" name="method1" time="0.002"/>
  <system-out>
    <![CDATA[login test case!!]]>
  </system-out>
  <testcase classname="TestNGFlags.Flag3" name="method1" time="0.001"/>
  <system-out>
    <![CDATA[login test case!!]]>
  </system-out>
  <testcase classname="TestNGFlags.Flag3" name="method1" time="0.001"/>
  <system-out>
    <![CDATA[login test case!!]]>
  </system-out>
  <testcase classname="TestNGFlags.Flag3" name="method1" time="0.000"/>
  <system-out>
    <![CDATA[login test case!!]]>
  </system-out>
  <testcase classname="TestNGFlags.Flag3" name="method1" time="0.001"/>
  <system-out>
    <![CDATA[login test case!!]]>
  </system-out>
  <testcase classname="TestNGFlags.Flag3" name="method1" time="0.002"/>
  <system-out>
    <![CDATA[login test case!!]]>
  </system-out>
  <testcase classname="TestNGFlags.Flag3" name="method1" time="0.001"/>
  <system-out>
    <![CDATA[login test case!!]]>
  </system-out>
  <testcase classname="TestNGFlags.Flag3" name="method1" time="0.001"/>
  <system-out>
    <![CDATA[login test case!!]]>
  </system-out>
  <testcase classname="TestNGFlags.Flag3" name="method1" time="0.008"/>
  <system-out>
    <![CDATA[login test case!!]]>
  </system-out>
  <testcase classname="TestNGFlags.Flag3" name="method1" time="0.001"/>
  <system-out>
    <![CDATA[login test case!!]]>
  </system-out>
  <testcase classname="TestNGFlags.Flag3" name="method1" time="0.001"/>
  <system-out>
    <![CDATA[login test case!!]]>
  </system-out>
  <testcase classname="TestNGFlags.Flag3" name="method1" time="0.001"/>
  <system-out>
    <![CDATA[login test case!!]]>
  </system-out>
  <testcase classname="TestNGFlags.Flag3" name="method1" time="0.000"/>
  <system-out>
    <![CDATA[login test case!!]]>
  </system-out>
  <testcase classname="TestNGFlags.Flag3" name="method1" time="0.000"/>
  <system-out>
    <![CDATA[login test case!!]]>
  </system-out>
  <testcase classname="TestNGFlags.Flag3" name="method1" time="0.001"/>
  <system-out>
    <![CDATA[login test case!!]]>
  </system-out>
  <testcase classname="TestNGFlags.Flag3" name="method1" time="0.003"/>
  <system-out>
    <![CDATA[login test case!!]]>
  </system-out>
  <testcase classname="TestNGFlags.Flag3" name="method1" time="0.004"/>
  <system-out>
    <![CDATA[login test case!!]]>
  </system-out>
  <testcase classname="TestNGFlags.Flag3" name="method1" time="0.001"/>
  <system-out>
    <![CDATA[login test case!!]]>
  </system-out>
  <testcase classname="TestNGFlags.Flag3" name="method1" time="0.001"/>
  <system-out>
    <![CDATA[login test case!!]]>
  </system-out>
  <testcase classname="TestNGFlags.Flag3" name="method1" time="0.001"/>
  <system-out>
    <![CDATA[login test case!!]]>
  </system-out>
  <testcase classname="TestNGFlags.Flag3" name="method1" time="0.001"/>
  <system-out>
    <![CDATA[login test case!!]]>
  </system-out>
  <testcase classname="TestNGFlags.Flag3" name="method1" time="0.001"/>
  <system-out>
    <![CDATA[login test case!!]]>
  </system-out>
  <testcase classname="TestNGFlags.Flag3" name="method1" time="0.000"/>
  <system-out>
    <![CDATA[login test case!!]]>
  </system-out>
  <testcase classname="TestNGFlags.Flag3" name="method1" time="0.001"/>
  <system-out>
    <![CDATA[login test case!!]]>
  </system-out>
  <testcase classname="TestNGFlags.Flag3" name="method1" time="0.002"/>
  <system-out>
    <![CDATA[login test case!!]]>
  </system-out>
</testsuite> <!-- TestNGFlags.Flag3 -->
